<?xml version="1.0" encoding="utf-8"?>
<TestRun id="71c888e6-d4d7-4402-bf5d-799451898dbe" name="DESKTOP-A9M0I49$@DESKTOP-A9M0I49 2024-08-25 11:30:17" runUser="NT AUTHORITY\СИСТЕМА" xmlns="http://microsoft.com/schemas/VisualStudio/TeamTest/2010">
  <Times creation="2024-08-25T11:30:17.6332563+03:00" queuing="2024-08-25T11:30:17.6332568+03:00" start="2024-08-25T11:30:06.0472971+03:00" finish="2024-08-25T11:31:48.8338600+03:00" />
  <TestSettings name="default" id="feef5487-116e-4a2f-a2bd-b1c7d47a70a3">
    <Deployment runDeploymentRoot="DESKTOP-A9M0I49$_DESKTOP-A9M0I49_2024-08-25_11_30_17" />
  </TestSettings>
  <Results>
    <UnitTestResult executionId="c8eb67f9-4e46-492c-8821-2bc4440fbe77" testId="8925873e-5352-bbbb-287a-8b52eb7ceb2b" testName="OpenTrainingCalendarPageTest" computerName="DESKTOP-A9M0I49" duration="00:00:12.4633280" startTime="2024-08-25T11:30:51.2621461+03:00" endTime="2024-08-25T11:31:03.7254729+03:00" testType="13cdc9d9-ddb5-4fa4-a97d-d965ccfc6d4b" outcome="Passed" testListId="8c84fa94-04c1-424b-9868-57a2d4851a1d" relativeResultsDirectory="c8eb67f9-4e46-492c-8821-2bc4440fbe77">
      <Output>
        <StdOut>Value cannot be null. (Parameter 'key')</StdOut>
      </Output>
    </UnitTestResult>
    <UnitTestResult executionId="1c2738bf-03e3-40eb-a473-1affe56c7913" testId="21da2d9d-1efb-e801-62ed-f898b76c6455" testName="OpenAddWorksPageTest" computerName="DESKTOP-A9M0I49" duration="00:00:11.1996860" startTime="2024-08-25T11:30:17.5171120+03:00" endTime="2024-08-25T11:30:28.7167982+03:00" testType="13cdc9d9-ddb5-4fa4-a97d-d965ccfc6d4b" outcome="Passed" testListId="8c84fa94-04c1-424b-9868-57a2d4851a1d" relativeResultsDirectory="1c2738bf-03e3-40eb-a473-1affe56c7913">
      <Output>
        <StdOut>Value cannot be null. (Parameter 'key')</StdOut>
      </Output>
    </UnitTestResult>
    <UnitTestResult executionId="111b9446-b64a-45de-bde6-5c73eb898c7f" testId="09a7f568-28ed-da50-b566-6786c268b30a" testName="OpenDailyVitalsPageTest" computerName="DESKTOP-A9M0I49" duration="00:00:09.9512600" startTime="2024-08-25T11:30:41.3108471+03:00" endTime="2024-08-25T11:30:51.2621075+03:00" testType="13cdc9d9-ddb5-4fa4-a97d-d965ccfc6d4b" outcome="Passed" testListId="8c84fa94-04c1-424b-9868-57a2d4851a1d" relativeResultsDirectory="111b9446-b64a-45de-bde6-5c73eb898c7f">
      <Output>
        <StdOut>Value cannot be null. (Parameter 'key')</StdOut>
      </Output>
    </UnitTestResult>
    <UnitTestResult executionId="ab93f588-d844-49b6-822e-6f19e872bfce" testId="afdf72f6-4bd3-4c53-e77f-dcf83cb4155b" testName="AddNewWorkoutSwimTest" computerName="DESKTOP-A9M0I49" duration="00:00:14.1536750" startTime="2024-08-25T11:31:34.6001191+03:00" endTime="2024-08-25T11:31:48.7537937+03:00" testType="13cdc9d9-ddb5-4fa4-a97d-d965ccfc6d4b" outcome="Passed" testListId="8c84fa94-04c1-424b-9868-57a2d4851a1d" relativeResultsDirectory="ab93f588-d844-49b6-822e-6f19e872bfce">
      <Output>
        <StdOut>Value cannot be null. (Parameter 'key')</StdOut>
      </Output>
    </UnitTestResult>
    <UnitTestResult executionId="f28f436d-3c3d-4442-8063-6698d228bfc6" testId="49628667-5363-e13d-aab5-fb716b9ec45f" testName="AddNewWorkoutRunTest" computerName="DESKTOP-A9M0I49" duration="00:00:14.7226860" startTime="2024-08-25T11:31:19.8773415+03:00" endTime="2024-08-25T11:31:34.6000271+03:00" testType="13cdc9d9-ddb5-4fa4-a97d-d965ccfc6d4b" outcome="Passed" testListId="8c84fa94-04c1-424b-9868-57a2d4851a1d" relativeResultsDirectory="f28f436d-3c3d-4442-8063-6698d228bfc6">
      <Output>
        <StdOut>Value cannot be null. (Parameter 'key')</StdOut>
      </Output>
    </UnitTestResult>
    <UnitTestResult executionId="c63f53de-c042-4983-a755-b9f65bd7fcf1" testId="f982894d-66a9-b261-7e17-d255c69cb1d5" testName="OpenCalendarByButtonTest" computerName="DESKTOP-A9M0I49" duration="00:00:12.5939250" startTime="2024-08-25T11:30:28.7168574+03:00" endTime="2024-08-25T11:30:41.3107814+03:00" testType="13cdc9d9-ddb5-4fa4-a97d-d965ccfc6d4b" outcome="Passed" testListId="8c84fa94-04c1-424b-9868-57a2d4851a1d" relativeResultsDirectory="c63f53de-c042-4983-a755-b9f65bd7fcf1">
      <Output>
        <StdOut>Value cannot be null. (Parameter 'key')</StdOut>
      </Output>
    </UnitTestResult>
    <UnitTestResult executionId="1f46bdee-4474-48b2-889c-aa3748600444" testId="e6c3221f-1b8f-7898-88d3-e3728c0a3bb5" testName="AauthorizationCheckTest" computerName="DESKTOP-A9M0I49" duration="00:00:10.8271180" startTime="2024-08-25T11:30:06.6863059+03:00" endTime="2024-08-25T11:30:17.5132706+03:00" testType="13cdc9d9-ddb5-4fa4-a97d-d965ccfc6d4b" outcome="Passed" testListId="8c84fa94-04c1-424b-9868-57a2d4851a1d" relativeResultsDirectory="1f46bdee-4474-48b2-889c-aa3748600444">
      <Output>
        <StdOut>Value cannot be null. (Parameter 'key')</StdOut>
      </Output>
    </UnitTestResult>
    <UnitTestResult executionId="1f5ba36a-5297-45cf-9af3-943b0579348a" testId="3b9efe4a-8a7c-47ae-d36c-42c6e90fb474" testName="AddNewWorkoutBikeTest" computerName="DESKTOP-A9M0I49" duration="00:00:16.1478020" startTime="2024-08-25T11:31:03.7295065+03:00" endTime="2024-08-25T11:31:19.8773079+03:00" testType="13cdc9d9-ddb5-4fa4-a97d-d965ccfc6d4b" outcome="Passed" testListId="8c84fa94-04c1-424b-9868-57a2d4851a1d" relativeResultsDirectory="1f5ba36a-5297-45cf-9af3-943b0579348a">
      <Output>
        <StdOut>Value cannot be null. (Parameter 'key')</StdOut>
      </Output>
    </UnitTestResult>
  </Results>
  <TestDefinitions>
    <UnitTest name="AddNewWorkoutRunTest" storage="c:\users\1\source\repos\finalsurgetestsproject\bin\debug\net8.0\finalsurgetestsproject.dll" id="49628667-5363-e13d-aab5-fb716b9ec45f">
      <Execution id="f28f436d-3c3d-4442-8063-6698d228bfc6" />
      <TestMethod codeBase="C:\Users\1\source\repos\FinalsurgeTestsProject\bin\Debug\net8.0\FinalsurgeTestsProject.dll" adapterTypeName="executor://nunit3testexecutor/" className="FinalsurgeTestsProject.Tests.WorkoutTests" name="AddNewWorkoutRunTest" />
    </UnitTest>
    <UnitTest name="AddNewWorkoutBikeTest" storage="c:\users\1\source\repos\finalsurgetestsproject\bin\debug\net8.0\finalsurgetestsproject.dll" id="3b9efe4a-8a7c-47ae-d36c-42c6e90fb474">
      <Execution id="1f5ba36a-5297-45cf-9af3-943b0579348a" />
      <TestMethod codeBase="C:\Users\1\source\repos\FinalsurgeTestsProject\bin\Debug\net8.0\FinalsurgeTestsProject.dll" adapterTypeName="executor://nunit3testexecutor/" className="FinalsurgeTestsProject.Tests.WorkoutTests" name="AddNewWorkoutBikeTest" />
    </UnitTest>
    <UnitTest name="AddNewWorkoutSwimTest" storage="c:\users\1\source\repos\finalsurgetestsproject\bin\debug\net8.0\finalsurgetestsproject.dll" id="afdf72f6-4bd3-4c53-e77f-dcf83cb4155b">
      <Execution id="ab93f588-d844-49b6-822e-6f19e872bfce" />
      <TestMethod codeBase="C:\Users\1\source\repos\FinalsurgeTestsProject\bin\Debug\net8.0\FinalsurgeTestsProject.dll" adapterTypeName="executor://nunit3testexecutor/" className="FinalsurgeTestsProject.Tests.WorkoutTests" name="AddNewWorkoutSwimTest" />
    </UnitTest>
    <UnitTest name="OpenCalendarByButtonTest" storage="c:\users\1\source\repos\finalsurgetestsproject\bin\debug\net8.0\finalsurgetestsproject.dll" id="f982894d-66a9-b261-7e17-d255c69cb1d5">
      <Execution id="c63f53de-c042-4983-a755-b9f65bd7fcf1" />
      <TestMethod codeBase="C:\Users\1\source\repos\FinalsurgeTestsProject\bin\Debug\net8.0\FinalsurgeTestsProject.dll" adapterTypeName="executor://nunit3testexecutor/" className="FinalsurgeTestsProject.Tests.Tests" name="OpenCalendarByButtonTest" />
    </UnitTest>
    <UnitTest name="OpenDailyVitalsPageTest" storage="c:\users\1\source\repos\finalsurgetestsproject\bin\debug\net8.0\finalsurgetestsproject.dll" id="09a7f568-28ed-da50-b566-6786c268b30a">
      <Execution id="111b9446-b64a-45de-bde6-5c73eb898c7f" />
      <TestMethod codeBase="C:\Users\1\source\repos\FinalsurgeTestsProject\bin\Debug\net8.0\FinalsurgeTestsProject.dll" adapterTypeName="executor://nunit3testexecutor/" className="FinalsurgeTestsProject.Tests.Tests" name="OpenDailyVitalsPageTest" />
    </UnitTest>
    <UnitTest name="OpenTrainingCalendarPageTest" storage="c:\users\1\source\repos\finalsurgetestsproject\bin\debug\net8.0\finalsurgetestsproject.dll" id="8925873e-5352-bbbb-287a-8b52eb7ceb2b">
      <Execution id="c8eb67f9-4e46-492c-8821-2bc4440fbe77" />
      <TestMethod codeBase="C:\Users\1\source\repos\FinalsurgeTestsProject\bin\Debug\net8.0\FinalsurgeTestsProject.dll" adapterTypeName="executor://nunit3testexecutor/" className="FinalsurgeTestsProject.Tests.Tests" name="OpenTrainingCalendarPageTest" />
    </UnitTest>
    <UnitTest name="OpenAddWorksPageTest" storage="c:\users\1\source\repos\finalsurgetestsproject\bin\debug\net8.0\finalsurgetestsproject.dll" id="21da2d9d-1efb-e801-62ed-f898b76c6455">
      <Execution id="1c2738bf-03e3-40eb-a473-1affe56c7913" />
      <TestMethod codeBase="C:\Users\1\source\repos\FinalsurgeTestsProject\bin\Debug\net8.0\FinalsurgeTestsProject.dll" adapterTypeName="executor://nunit3testexecutor/" className="FinalsurgeTestsProject.Tests.Tests" name="OpenAddWorksPageTest" />
    </UnitTest>
    <UnitTest name="AauthorizationCheckTest" storage="c:\users\1\source\repos\finalsurgetestsproject\bin\debug\net8.0\finalsurgetestsproject.dll" id="e6c3221f-1b8f-7898-88d3-e3728c0a3bb5">
      <Execution id="1f46bdee-4474-48b2-889c-aa3748600444" />
      <TestMethod codeBase="C:\Users\1\source\repos\FinalsurgeTestsProject\bin\Debug\net8.0\FinalsurgeTestsProject.dll" adapterTypeName="executor://nunit3testexecutor/" className="FinalsurgeTestsProject.Tests.Tests" name="AauthorizationCheckTest" />
    </UnitTest>
  </TestDefinitions>
  <TestEntries>
    <TestEntry testId="8925873e-5352-bbbb-287a-8b52eb7ceb2b" executionId="c8eb67f9-4e46-492c-8821-2bc4440fbe77" testListId="8c84fa94-04c1-424b-9868-57a2d4851a1d" />
    <TestEntry testId="21da2d9d-1efb-e801-62ed-f898b76c6455" executionId="1c2738bf-03e3-40eb-a473-1affe56c7913" testListId="8c84fa94-04c1-424b-9868-57a2d4851a1d" />
    <TestEntry testId="09a7f568-28ed-da50-b566-6786c268b30a" executionId="111b9446-b64a-45de-bde6-5c73eb898c7f" testListId="8c84fa94-04c1-424b-9868-57a2d4851a1d" />
    <TestEntry testId="afdf72f6-4bd3-4c53-e77f-dcf83cb4155b" executionId="ab93f588-d844-49b6-822e-6f19e872bfce" testListId="8c84fa94-04c1-424b-9868-57a2d4851a1d" />
    <TestEntry testId="49628667-5363-e13d-aab5-fb716b9ec45f" executionId="f28f436d-3c3d-4442-8063-6698d228bfc6" testListId="8c84fa94-04c1-424b-9868-57a2d4851a1d" />
    <TestEntry testId="f982894d-66a9-b261-7e17-d255c69cb1d5" executionId="c63f53de-c042-4983-a755-b9f65bd7fcf1" testListId="8c84fa94-04c1-424b-9868-57a2d4851a1d" />
    <TestEntry testId="e6c3221f-1b8f-7898-88d3-e3728c0a3bb5" executionId="1f46bdee-4474-48b2-889c-aa3748600444" testListId="8c84fa94-04c1-424b-9868-57a2d4851a1d" />
    <TestEntry testId="3b9efe4a-8a7c-47ae-d36c-42c6e90fb474" executionId="1f5ba36a-5297-45cf-9af3-943b0579348a" testListId="8c84fa94-04c1-424b-9868-57a2d4851a1d" />
  </TestEntries>
  <TestLists>
    <TestList name="Список результатов" id="8c84fa94-04c1-424b-9868-57a2d4851a1d" />
    <TestList name="Все загруженные результаты" id="19431567-8539-422a-85d7-44ee4e166bda" />
  </TestLists>
  <ResultSummary outcome="Completed">
    <Counters total="8" executed="8" passed="8" failed="0" error="0" timeout="0" aborted="0" inconclusive="0" passedButRunAborted="0" notRunnable="0" notExecuted="0" disconnected="0" warning="0" completed="0" inProgress="0" pending="0" />
    <Output>
      <StdOut>NUnit Adapter 4.5.0.0: Test execution started&#xD;
Running all tests in C:\Users\1\source\repos\FinalsurgeTestsProject\bin\Debug\net8.0\FinalsurgeTestsProject.dll&#xD;
   NUnit3TestExecutor discovered 8 of 8 NUnit test cases using Current Discovery mode, Non-Explicit run&#xD;
NUnit Adapter 4.5.0.0: Test execution complete&#xD;
</StdOut>
    </Output>
    <RunInfos>
      <RunInfo computerName="DESKTOP-A9M0I49" outcome="Warning" timestamp="2024-08-25T11:30:17.5385319+03:00">
        <Text>Value cannot be null. (Parameter 'key')&#xD;
</Text>
      </RunInfo>
      <RunInfo computerName="DESKTOP-A9M0I49" outcome="Warning" timestamp="2024-08-25T11:30:28.7192635+03:00">
        <Text>Value cannot be null. (Parameter 'key')&#xD;
</Text>
      </RunInfo>
      <RunInfo computerName="DESKTOP-A9M0I49" outcome="Warning" timestamp="2024-08-25T11:30:41.3118579+03:00">
        <Text>Value cannot be null. (Parameter 'key')&#xD;
</Text>
      </RunInfo>
      <RunInfo computerName="DESKTOP-A9M0I49" outcome="Warning" timestamp="2024-08-25T11:30:51.2636402+03:00">
        <Text>Value cannot be null. (Parameter 'key')&#xD;
</Text>
      </RunInfo>
      <RunInfo computerName="DESKTOP-A9M0I49" outcome="Warning" timestamp="2024-08-25T11:31:03.7267946+03:00">
        <Text>Value cannot be null. (Parameter 'key')&#xD;
</Text>
      </RunInfo>
      <RunInfo computerName="DESKTOP-A9M0I49" outcome="Warning" timestamp="2024-08-25T11:31:19.8782493+03:00">
        <Text>Value cannot be null. (Parameter 'key')&#xD;
</Text>
      </RunInfo>
      <RunInfo computerName="DESKTOP-A9M0I49" outcome="Warning" timestamp="2024-08-25T11:31:34.6023408+03:00">
        <Text>Value cannot be null. (Parameter 'key')&#xD;
</Text>
      </RunInfo>
      <RunInfo computerName="DESKTOP-A9M0I49" outcome="Warning" timestamp="2024-08-25T11:31:48.7546602+03:00">
        <Text>Value cannot be null. (Parameter 'key')&#xD;
</Text>
      </RunInfo>
    </RunInfos>
  </ResultSummary>
</TestRun>