<?xml version="1.0" encoding="utf-8"?>
<TestRun id="58ffae2b-34b7-4f59-9c22-b97da05a7923" name="DESKTOP-A9M0I49$@DESKTOP-A9M0I49 2024-08-25 15:02:35" runUser="NT AUTHORITY\СИСТЕМА" xmlns="http://microsoft.com/schemas/VisualStudio/TeamTest/2010">
  <Times creation="2024-08-25T15:02:35.7132405+03:00" queuing="2024-08-25T15:02:35.7132407+03:00" start="2024-08-25T15:02:26.6596347+03:00" finish="2024-08-25T15:06:15.7071898+03:00" />
  <TestSettings name="default" id="f77ae655-c72c-4d45-a0df-339a21f76671">
    <Deployment runDeploymentRoot="DESKTOP-A9M0I49$_DESKTOP-A9M0I49_2024-08-25_15_02_35" />
  </TestSettings>
  <Results>
    <UnitTestResult executionId="98271225-78db-443c-acf8-c8d5bdf3c833" testId="21da2d9d-1efb-e801-62ed-f898b76c6455" testName="OpenAddWorksPageTest" computerName="DESKTOP-A9M0I49" duration="00:00:09.2533160" startTime="2024-08-25T15:02:35.6580688+03:00" endTime="2024-08-25T15:02:44.9113841+03:00" testType="13cdc9d9-ddb5-4fa4-a97d-d965ccfc6d4b" outcome="Passed" testListId="8c84fa94-04c1-424b-9868-57a2d4851a1d" relativeResultsDirectory="98271225-78db-443c-acf8-c8d5bdf3c833">
      <Output>
        <StdOut>Value cannot be null. (Parameter 'key')</StdOut>
      </Output>
    </UnitTestResult>
    <UnitTestResult executionId="8e49afea-63b2-41e1-8243-2e5cd789ecb1" testId="afdf72f6-4bd3-4c53-e77f-dcf83cb4155b" testName="AddNewWorkoutSwimTest" computerName="DESKTOP-A9M0I49" duration="00:00:13.4018330" startTime="2024-08-25T15:03:43.5941879+03:00" endTime="2024-08-25T15:03:56.9960210+03:00" testType="13cdc9d9-ddb5-4fa4-a97d-d965ccfc6d4b" outcome="Passed" testListId="8c84fa94-04c1-424b-9868-57a2d4851a1d" relativeResultsDirectory="8e49afea-63b2-41e1-8243-2e5cd789ecb1">
      <Output>
        <StdOut>Value cannot be null. (Parameter 'key')</StdOut>
      </Output>
    </UnitTestResult>
    <UnitTestResult executionId="ca96b40c-ca72-4003-8b32-81542c1b05ec" testId="a95899eb-9ac4-f5b2-24fc-da72343df61a" testName="AddNewWorkoutTest(&quot;restDay&quot;,&quot;restDay&quot;,&quot;restDay description&quot;)" computerName="DESKTOP-A9M0I49" duration="00:00:15.8258370" startTime="2024-08-25T15:04:57.6750100+03:00" endTime="2024-08-25T15:05:13.5008470+03:00" testType="13cdc9d9-ddb5-4fa4-a97d-d965ccfc6d4b" outcome="Passed" testListId="8c84fa94-04c1-424b-9868-57a2d4851a1d" relativeResultsDirectory="ca96b40c-ca72-4003-8b32-81542c1b05ec">
      <Output>
        <StdOut>Value cannot be null. (Parameter 'key')</StdOut>
      </Output>
    </UnitTestResult>
    <UnitTestResult executionId="13645ed9-0935-42b7-86c2-7323e1cd9fde" testId="d1acfbf7-969e-8915-837e-6adce9c03f62" testName="AddNewWorkoutTest(&quot;crossTraining&quot;,&quot;crossTraining workout&quot;,&quot;crossTraining description&quot;)" computerName="DESKTOP-A9M0I49" duration="00:00:11.6142010" startTime="2024-08-25T15:04:32.0981639+03:00" endTime="2024-08-25T15:04:43.7123651+03:00" testType="13cdc9d9-ddb5-4fa4-a97d-d965ccfc6d4b" outcome="Passed" testListId="8c84fa94-04c1-424b-9868-57a2d4851a1d" relativeResultsDirectory="13645ed9-0935-42b7-86c2-7323e1cd9fde">
      <Output>
        <StdOut>Value cannot be null. (Parameter 'key')</StdOut>
      </Output>
    </UnitTestResult>
    <UnitTestResult executionId="afcfd7ea-86f8-4e6a-9948-574192d533c7" testId="e6c3221f-1b8f-7898-88d3-e3728c0a3bb5" testName="AauthorizationCheckTest" computerName="DESKTOP-A9M0I49" duration="00:00:08.3164860" startTime="2024-08-25T15:02:27.3391779+03:00" endTime="2024-08-25T15:02:35.6555100+03:00" testType="13cdc9d9-ddb5-4fa4-a97d-d965ccfc6d4b" outcome="Passed" testListId="8c84fa94-04c1-424b-9868-57a2d4851a1d" relativeResultsDirectory="afcfd7ea-86f8-4e6a-9948-574192d533c7">
      <Output>
        <StdOut>Value cannot be null. (Parameter 'key')</StdOut>
      </Output>
    </UnitTestResult>
    <UnitTestResult executionId="8acbc6f8-ec29-495c-8135-0ec41f3e99a3" testId="817e9c25-3506-73b5-412c-f06ca095ac7c" testName="AddNewWorkoutTest(&quot;run&quot;,&quot;run workout&quot;,&quot;running description&quot;)" computerName="DESKTOP-A9M0I49" duration="00:00:12.4756110" startTime="2024-08-25T15:04:08.3712903+03:00" endTime="2024-08-25T15:04:20.8469004+03:00" testType="13cdc9d9-ddb5-4fa4-a97d-d965ccfc6d4b" outcome="Passed" testListId="8c84fa94-04c1-424b-9868-57a2d4851a1d" relativeResultsDirectory="8acbc6f8-ec29-495c-8135-0ec41f3e99a3">
      <Output>
        <StdOut>Value cannot be null. (Parameter 'key')</StdOut>
      </Output>
    </UnitTestResult>
    <UnitTestResult executionId="8019d9c0-7410-4302-8bf2-528f9542cb64" testId="f982894d-66a9-b261-7e17-d255c69cb1d5" testName="OpenCalendarByButtonTest" computerName="DESKTOP-A9M0I49" duration="00:00:10.1932890" startTime="2024-08-25T15:02:44.9114327+03:00" endTime="2024-08-25T15:02:55.1047207+03:00" testType="13cdc9d9-ddb5-4fa4-a97d-d965ccfc6d4b" outcome="Passed" testListId="8c84fa94-04c1-424b-9868-57a2d4851a1d" relativeResultsDirectory="8019d9c0-7410-4302-8bf2-528f9542cb64">
      <Output>
        <StdOut>Value cannot be null. (Parameter 'key')</StdOut>
      </Output>
    </UnitTestResult>
    <UnitTestResult executionId="03446d44-ca5b-4de3-a7b6-ef9b64f5856d" testId="3b9efe4a-8a7c-47ae-d36c-42c6e90fb474" testName="AddNewWorkoutBikeTest" computerName="DESKTOP-A9M0I49" duration="00:00:11.9331790" startTime="2024-08-25T15:03:20.9309261+03:00" endTime="2024-08-25T15:03:32.8641046+03:00" testType="13cdc9d9-ddb5-4fa4-a97d-d965ccfc6d4b" outcome="Passed" testListId="8c84fa94-04c1-424b-9868-57a2d4851a1d" relativeResultsDirectory="03446d44-ca5b-4de3-a7b6-ef9b64f5856d">
      <Output>
        <StdOut>Value cannot be null. (Parameter 'key')</StdOut>
      </Output>
    </UnitTestResult>
    <UnitTestResult executionId="89fc5939-3cfe-4097-a3ed-c2e3d8105d18" testId="6eb40d02-06fc-ffb2-083c-fa49753de0b3" testName="AddNewWorkoutTest(&quot;other&quot;,&quot;other&quot;,&quot;other description&quot;)" computerName="DESKTOP-A9M0I49" duration="00:00:16.8170040" startTime="2024-08-25T15:05:47.6770711+03:00" endTime="2024-08-25T15:06:04.4940749+03:00" testType="13cdc9d9-ddb5-4fa4-a97d-d965ccfc6d4b" outcome="Passed" testListId="8c84fa94-04c1-424b-9868-57a2d4851a1d" relativeResultsDirectory="89fc5939-3cfe-4097-a3ed-c2e3d8105d18">
      <Output>
        <StdOut>Value cannot be null. (Parameter 'key')</StdOut>
      </Output>
    </UnitTestResult>
    <UnitTestResult executionId="26de779f-aa12-499c-b008-b997e145016f" testId="2562054b-d404-4302-223c-238ce5f75557" testName="AddNewWorkoutTest(&quot;walk&quot;,&quot;walk workout&quot;,&quot;walking description&quot;)" computerName="DESKTOP-A9M0I49" duration="00:00:13.9625860" startTime="2024-08-25T15:04:43.7123927+03:00" endTime="2024-08-25T15:04:57.6749783+03:00" testType="13cdc9d9-ddb5-4fa4-a97d-d965ccfc6d4b" outcome="Passed" testListId="8c84fa94-04c1-424b-9868-57a2d4851a1d" relativeResultsDirectory="26de779f-aa12-499c-b008-b997e145016f">
      <Output>
        <StdOut>Value cannot be null. (Parameter 'key')</StdOut>
      </Output>
    </UnitTestResult>
    <UnitTestResult executionId="b13000a9-7c9a-4483-971e-0b16c6489002" testId="3780a676-703f-d908-102c-cc21aba20030" testName="AddNewWorkoutTest(&quot;recoveryRehub&quot;,&quot;recoveryRehub&quot;,&quot;recoveryRehub description&quot;)" computerName="DESKTOP-A9M0I49" duration="00:00:15.4924040" startTime="2024-08-25T15:05:32.1846333+03:00" endTime="2024-08-25T15:05:47.6770337+03:00" testType="13cdc9d9-ddb5-4fa4-a97d-d965ccfc6d4b" outcome="Passed" testListId="8c84fa94-04c1-424b-9868-57a2d4851a1d" relativeResultsDirectory="b13000a9-7c9a-4483-971e-0b16c6489002">
      <Output>
        <StdOut>Value cannot be null. (Parameter 'key')</StdOut>
      </Output>
    </UnitTestResult>
    <UnitTestResult executionId="678cab1d-85ab-430c-91d8-5d97d30db6d3" testId="09a7f568-28ed-da50-b566-6786c268b30a" testName="OpenDailyVitalsPageTest" computerName="DESKTOP-A9M0I49" duration="00:00:10.7057629" startTime="2024-08-25T15:02:55.1047730+03:00" endTime="2024-08-25T15:03:05.8105354+03:00" testType="13cdc9d9-ddb5-4fa4-a97d-d965ccfc6d4b" outcome="Passed" testListId="8c84fa94-04c1-424b-9868-57a2d4851a1d" relativeResultsDirectory="678cab1d-85ab-430c-91d8-5d97d30db6d3">
      <Output>
        <StdOut>Value cannot be null. (Parameter 'key')</StdOut>
      </Output>
    </UnitTestResult>
    <UnitTestResult executionId="efcda1e2-6ac6-4bb8-a70a-23dc827fd6f3" testId="8925873e-5352-bbbb-287a-8b52eb7ceb2b" testName="OpenTrainingCalendarPageTest" computerName="DESKTOP-A9M0I49" duration="00:00:15.1172020" startTime="2024-08-25T15:03:05.8108101+03:00" endTime="2024-08-25T15:03:20.9280122+03:00" testType="13cdc9d9-ddb5-4fa4-a97d-d965ccfc6d4b" outcome="Passed" testListId="8c84fa94-04c1-424b-9868-57a2d4851a1d" relativeResultsDirectory="efcda1e2-6ac6-4bb8-a70a-23dc827fd6f3">
      <Output>
        <StdOut>Value cannot be null. (Parameter 'key')</StdOut>
      </Output>
    </UnitTestResult>
    <UnitTestResult executionId="7f595851-8707-414b-8065-6a5ca0bd5940" testId="19d9e6d0-1c29-22bb-9d68-77ffeaf3fd46" testName="AddNewWorkoutTest(&quot;bike&quot;,&quot;bike workout&quot;,&quot;riding description&quot;)" computerName="DESKTOP-A9M0I49" duration="00:00:11.3750980" startTime="2024-08-25T15:03:56.9961639+03:00" endTime="2024-08-25T15:04:08.3712614+03:00" testType="13cdc9d9-ddb5-4fa4-a97d-d965ccfc6d4b" outcome="Passed" testListId="8c84fa94-04c1-424b-9868-57a2d4851a1d" relativeResultsDirectory="7f595851-8707-414b-8065-6a5ca0bd5940">
      <Output>
        <StdOut>Value cannot be null. (Parameter 'key')</StdOut>
      </Output>
    </UnitTestResult>
    <UnitTestResult executionId="dbcecbd2-5807-4f01-b573-74b7c9820498" testId="d9871a85-4a1a-0c06-c21e-41b9a157cc11" testName="AddNewWorkoutTest(&quot;swim&quot;,&quot;swim workout&quot;,&quot;swimming description&quot;)" computerName="DESKTOP-A9M0I49" duration="00:00:11.2510760" startTime="2024-08-25T15:04:20.8469408+03:00" endTime="2024-08-25T15:04:32.0980098+03:00" testType="13cdc9d9-ddb5-4fa4-a97d-d965ccfc6d4b" outcome="Passed" testListId="8c84fa94-04c1-424b-9868-57a2d4851a1d" relativeResultsDirectory="dbcecbd2-5807-4f01-b573-74b7c9820498">
      <Output>
        <StdOut>Value cannot be null. (Parameter 'key')</StdOut>
      </Output>
    </UnitTestResult>
    <UnitTestResult executionId="516c18e8-97bd-496d-9547-33161e6e00fa" testId="d842d50f-2ea6-e8da-3031-14ea0c4d4e40" testName="AddNewWorkoutTest(&quot;strenghTraining&quot;,&quot;strenghTraining&quot;,&quot;strenghTraining description&quot;)" computerName="DESKTOP-A9M0I49" duration="00:00:18.6836580" startTime="2024-08-25T15:05:13.5008783+03:00" endTime="2024-08-25T15:05:32.1845353+03:00" testType="13cdc9d9-ddb5-4fa4-a97d-d965ccfc6d4b" outcome="Passed" testListId="8c84fa94-04c1-424b-9868-57a2d4851a1d" relativeResultsDirectory="516c18e8-97bd-496d-9547-33161e6e00fa">
      <Output>
        <StdOut>Value cannot be null. (Parameter 'key')</StdOut>
      </Output>
    </UnitTestResult>
    <UnitTestResult executionId="cc54c116-4ecc-48c0-974a-3a5cd8a49a33" testId="a9561a95-4f0b-cd2e-7919-62020485eeea" testName="AddNewWorkoutTest(&quot;transition&quot;,&quot;transition&quot;,&quot;transition description&quot;)" computerName="DESKTOP-A9M0I49" duration="00:00:11.1466010" startTime="2024-08-25T15:06:04.4941237+03:00" endTime="2024-08-25T15:06:15.6407242+03:00" testType="13cdc9d9-ddb5-4fa4-a97d-d965ccfc6d4b" outcome="Passed" testListId="8c84fa94-04c1-424b-9868-57a2d4851a1d" relativeResultsDirectory="cc54c116-4ecc-48c0-974a-3a5cd8a49a33">
      <Output>
        <StdOut>Value cannot be null. (Parameter 'key')</StdOut>
      </Output>
    </UnitTestResult>
    <UnitTestResult executionId="af244d30-4093-495f-9ca6-4f9c908ea04f" testId="49628667-5363-e13d-aab5-fb716b9ec45f" testName="AddNewWorkoutRunTest" computerName="DESKTOP-A9M0I49" duration="00:00:10.7299730" startTime="2024-08-25T15:03:32.8641644+03:00" endTime="2024-08-25T15:03:43.5941372+03:00" testType="13cdc9d9-ddb5-4fa4-a97d-d965ccfc6d4b" outcome="Passed" testListId="8c84fa94-04c1-424b-9868-57a2d4851a1d" relativeResultsDirectory="af244d30-4093-495f-9ca6-4f9c908ea04f">
      <Output>
        <StdOut>Value cannot be null. (Parameter 'key')</StdOut>
      </Output>
    </UnitTestResult>
  </Results>
  <TestDefinitions>
    <UnitTest name="AauthorizationCheckTest" storage="c:\users\1\source\repos\finalsurgetestsproject\bin\debug\net8.0\finalsurgetestsproject.dll" id="e6c3221f-1b8f-7898-88d3-e3728c0a3bb5">
      <Execution id="afcfd7ea-86f8-4e6a-9948-574192d533c7" />
      <TestMethod codeBase="C:\Users\1\source\repos\FinalsurgeTestsProject\bin\Debug\net8.0\FinalsurgeTestsProject.dll" adapterTypeName="executor://nunit3testexecutor/" className="FinalsurgeTestsProject.Tests.Tests" name="AauthorizationCheckTest" />
    </UnitTest>
    <UnitTest name="AddNewWorkoutTest(&quot;other&quot;,&quot;other&quot;,&quot;other description&quot;)" storage="c:\users\1\source\repos\finalsurgetestsproject\bin\debug\net8.0\finalsurgetestsproject.dll" id="6eb40d02-06fc-ffb2-083c-fa49753de0b3">
      <Execution id="89fc5939-3cfe-4097-a3ed-c2e3d8105d18" />
      <TestMethod codeBase="C:\Users\1\source\repos\FinalsurgeTestsProject\bin\Debug\net8.0\FinalsurgeTestsProject.dll" adapterTypeName="executor://nunit3testexecutor/" className="FinalsurgeTestsProject.Tests.WorkoutTests" name="AddNewWorkoutTest(&quot;other&quot;,&quot;other&quot;,&quot;other description&quot;)" />
    </UnitTest>
    <UnitTest name="AddNewWorkoutTest(&quot;crossTraining&quot;,&quot;crossTraining workout&quot;,&quot;crossTraining description&quot;)" storage="c:\users\1\source\repos\finalsurgetestsproject\bin\debug\net8.0\finalsurgetestsproject.dll" id="d1acfbf7-969e-8915-837e-6adce9c03f62">
      <Execution id="13645ed9-0935-42b7-86c2-7323e1cd9fde" />
      <TestMethod codeBase="C:\Users\1\source\repos\FinalsurgeTestsProject\bin\Debug\net8.0\FinalsurgeTestsProject.dll" adapterTypeName="executor://nunit3testexecutor/" className="FinalsurgeTestsProject.Tests.WorkoutTests" name="AddNewWorkoutTest(&quot;crossTraining&quot;,&quot;crossTraining workout&quot;,&quot;crossTraining description&quot;)" />
    </UnitTest>
    <UnitTest name="AddNewWorkoutTest(&quot;restDay&quot;,&quot;restDay&quot;,&quot;restDay description&quot;)" storage="c:\users\1\source\repos\finalsurgetestsproject\bin\debug\net8.0\finalsurgetestsproject.dll" id="a95899eb-9ac4-f5b2-24fc-da72343df61a">
      <Execution id="ca96b40c-ca72-4003-8b32-81542c1b05ec" />
      <TestMethod codeBase="C:\Users\1\source\repos\FinalsurgeTestsProject\bin\Debug\net8.0\FinalsurgeTestsProject.dll" adapterTypeName="executor://nunit3testexecutor/" className="FinalsurgeTestsProject.Tests.WorkoutTests" name="AddNewWorkoutTest(&quot;restDay&quot;,&quot;restDay&quot;,&quot;restDay description&quot;)" />
    </UnitTest>
    <UnitTest name="AddNewWorkoutRunTest" storage="c:\users\1\source\repos\finalsurgetestsproject\bin\debug\net8.0\finalsurgetestsproject.dll" id="49628667-5363-e13d-aab5-fb716b9ec45f">
      <Execution id="af244d30-4093-495f-9ca6-4f9c908ea04f" />
      <TestMethod codeBase="C:\Users\1\source\repos\FinalsurgeTestsProject\bin\Debug\net8.0\FinalsurgeTestsProject.dll" adapterTypeName="executor://nunit3testexecutor/" className="FinalsurgeTestsProject.Tests.WorkoutTests" name="AddNewWorkoutRunTest" />
    </UnitTest>
    <UnitTest name="OpenDailyVitalsPageTest" storage="c:\users\1\source\repos\finalsurgetestsproject\bin\debug\net8.0\finalsurgetestsproject.dll" id="09a7f568-28ed-da50-b566-6786c268b30a">
      <Execution id="678cab1d-85ab-430c-91d8-5d97d30db6d3" />
      <TestMethod codeBase="C:\Users\1\source\repos\FinalsurgeTestsProject\bin\Debug\net8.0\FinalsurgeTestsProject.dll" adapterTypeName="executor://nunit3testexecutor/" className="FinalsurgeTestsProject.Tests.Tests" name="OpenDailyVitalsPageTest" />
    </UnitTest>
    <UnitTest name="AddNewWorkoutSwimTest" storage="c:\users\1\source\repos\finalsurgetestsproject\bin\debug\net8.0\finalsurgetestsproject.dll" id="afdf72f6-4bd3-4c53-e77f-dcf83cb4155b">
      <Execution id="8e49afea-63b2-41e1-8243-2e5cd789ecb1" />
      <TestMethod codeBase="C:\Users\1\source\repos\FinalsurgeTestsProject\bin\Debug\net8.0\FinalsurgeTestsProject.dll" adapterTypeName="executor://nunit3testexecutor/" className="FinalsurgeTestsProject.Tests.WorkoutTests" name="AddNewWorkoutSwimTest" />
    </UnitTest>
    <UnitTest name="AddNewWorkoutTest(&quot;run&quot;,&quot;run workout&quot;,&quot;running description&quot;)" storage="c:\users\1\source\repos\finalsurgetestsproject\bin\debug\net8.0\finalsurgetestsproject.dll" id="817e9c25-3506-73b5-412c-f06ca095ac7c">
      <Execution id="8acbc6f8-ec29-495c-8135-0ec41f3e99a3" />
      <TestMethod codeBase="C:\Users\1\source\repos\FinalsurgeTestsProject\bin\Debug\net8.0\FinalsurgeTestsProject.dll" adapterTypeName="executor://nunit3testexecutor/" className="FinalsurgeTestsProject.Tests.WorkoutTests" name="AddNewWorkoutTest(&quot;run&quot;,&quot;run workout&quot;,&quot;running description&quot;)" />
    </UnitTest>
    <UnitTest name="AddNewWorkoutTest(&quot;strenghTraining&quot;,&quot;strenghTraining&quot;,&quot;strenghTraining description&quot;)" storage="c:\users\1\source\repos\finalsurgetestsproject\bin\debug\net8.0\finalsurgetestsproject.dll" id="d842d50f-2ea6-e8da-3031-14ea0c4d4e40">
      <Execution id="516c18e8-97bd-496d-9547-33161e6e00fa" />
      <TestMethod codeBase="C:\Users\1\source\repos\FinalsurgeTestsProject\bin\Debug\net8.0\FinalsurgeTestsProject.dll" adapterTypeName="executor://nunit3testexecutor/" className="FinalsurgeTestsProject.Tests.WorkoutTests" name="AddNewWorkoutTest(&quot;strenghTraining&quot;,&quot;strenghTraining&quot;,&quot;strenghTraining description&quot;)" />
    </UnitTest>
    <UnitTest name="AddNewWorkoutTest(&quot;swim&quot;,&quot;swim workout&quot;,&quot;swimming description&quot;)" storage="c:\users\1\source\repos\finalsurgetestsproject\bin\debug\net8.0\finalsurgetestsproject.dll" id="d9871a85-4a1a-0c06-c21e-41b9a157cc11">
      <Execution id="dbcecbd2-5807-4f01-b573-74b7c9820498" />
      <TestMethod codeBase="C:\Users\1\source\repos\FinalsurgeTestsProject\bin\Debug\net8.0\FinalsurgeTestsProject.dll" adapterTypeName="executor://nunit3testexecutor/" className="FinalsurgeTestsProject.Tests.WorkoutTests" name="AddNewWorkoutTest(&quot;swim&quot;,&quot;swim workout&quot;,&quot;swimming description&quot;)" />
    </UnitTest>
    <UnitTest name="OpenTrainingCalendarPageTest" storage="c:\users\1\source\repos\finalsurgetestsproject\bin\debug\net8.0\finalsurgetestsproject.dll" id="8925873e-5352-bbbb-287a-8b52eb7ceb2b">
      <Execution id="efcda1e2-6ac6-4bb8-a70a-23dc827fd6f3" />
      <TestMethod codeBase="C:\Users\1\source\repos\FinalsurgeTestsProject\bin\Debug\net8.0\FinalsurgeTestsProject.dll" adapterTypeName="executor://nunit3testexecutor/" className="FinalsurgeTestsProject.Tests.Tests" name="OpenTrainingCalendarPageTest" />
    </UnitTest>
    <UnitTest name="AddNewWorkoutTest(&quot;walk&quot;,&quot;walk workout&quot;,&quot;walking description&quot;)" storage="c:\users\1\source\repos\finalsurgetestsproject\bin\debug\net8.0\finalsurgetestsproject.dll" id="2562054b-d404-4302-223c-238ce5f75557">
      <Execution id="26de779f-aa12-499c-b008-b997e145016f" />
      <TestMethod codeBase="C:\Users\1\source\repos\FinalsurgeTestsProject\bin\Debug\net8.0\FinalsurgeTestsProject.dll" adapterTypeName="executor://nunit3testexecutor/" className="FinalsurgeTestsProject.Tests.WorkoutTests" name="AddNewWorkoutTest(&quot;walk&quot;,&quot;walk workout&quot;,&quot;walking description&quot;)" />
    </UnitTest>
    <UnitTest name="OpenAddWorksPageTest" storage="c:\users\1\source\repos\finalsurgetestsproject\bin\debug\net8.0\finalsurgetestsproject.dll" id="21da2d9d-1efb-e801-62ed-f898b76c6455">
      <Execution id="98271225-78db-443c-acf8-c8d5bdf3c833" />
      <TestMethod codeBase="C:\Users\1\source\repos\FinalsurgeTestsProject\bin\Debug\net8.0\FinalsurgeTestsProject.dll" adapterTypeName="executor://nunit3testexecutor/" className="FinalsurgeTestsProject.Tests.Tests" name="OpenAddWorksPageTest" />
    </UnitTest>
    <UnitTest name="AddNewWorkoutTest(&quot;transition&quot;,&quot;transition&quot;,&quot;transition description&quot;)" storage="c:\users\1\source\repos\finalsurgetestsproject\bin\debug\net8.0\finalsurgetestsproject.dll" id="a9561a95-4f0b-cd2e-7919-62020485eeea">
      <Execution id="cc54c116-4ecc-48c0-974a-3a5cd8a49a33" />
      <TestMethod codeBase="C:\Users\1\source\repos\FinalsurgeTestsProject\bin\Debug\net8.0\FinalsurgeTestsProject.dll" adapterTypeName="executor://nunit3testexecutor/" className="FinalsurgeTestsProject.Tests.WorkoutTests" name="AddNewWorkoutTest(&quot;transition&quot;,&quot;transition&quot;,&quot;transition description&quot;)" />
    </UnitTest>
    <UnitTest name="AddNewWorkoutBikeTest" storage="c:\users\1\source\repos\finalsurgetestsproject\bin\debug\net8.0\finalsurgetestsproject.dll" id="3b9efe4a-8a7c-47ae-d36c-42c6e90fb474">
      <Execution id="03446d44-ca5b-4de3-a7b6-ef9b64f5856d" />
      <TestMethod codeBase="C:\Users\1\source\repos\FinalsurgeTestsProject\bin\Debug\net8.0\FinalsurgeTestsProject.dll" adapterTypeName="executor://nunit3testexecutor/" className="FinalsurgeTestsProject.Tests.WorkoutTests" name="AddNewWorkoutBikeTest" />
    </UnitTest>
    <UnitTest name="AddNewWorkoutTest(&quot;recoveryRehub&quot;,&quot;recoveryRehub&quot;,&quot;recoveryRehub description&quot;)" storage="c:\users\1\source\repos\finalsurgetestsproject\bin\debug\net8.0\finalsurgetestsproject.dll" id="3780a676-703f-d908-102c-cc21aba20030">
      <Execution id="b13000a9-7c9a-4483-971e-0b16c6489002" />
      <TestMethod codeBase="C:\Users\1\source\repos\FinalsurgeTestsProject\bin\Debug\net8.0\FinalsurgeTestsProject.dll" adapterTypeName="executor://nunit3testexecutor/" className="FinalsurgeTestsProject.Tests.WorkoutTests" name="AddNewWorkoutTest(&quot;recoveryRehub&quot;,&quot;recoveryRehub&quot;,&quot;recoveryRehub description&quot;)" />
    </UnitTest>
    <UnitTest name="OpenCalendarByButtonTest" storage="c:\users\1\source\repos\finalsurgetestsproject\bin\debug\net8.0\finalsurgetestsproject.dll" id="f982894d-66a9-b261-7e17-d255c69cb1d5">
      <Execution id="8019d9c0-7410-4302-8bf2-528f9542cb64" />
      <TestMethod codeBase="C:\Users\1\source\repos\FinalsurgeTestsProject\bin\Debug\net8.0\FinalsurgeTestsProject.dll" adapterTypeName="executor://nunit3testexecutor/" className="FinalsurgeTestsProject.Tests.Tests" name="OpenCalendarByButtonTest" />
    </UnitTest>
    <UnitTest name="AddNewWorkoutTest(&quot;bike&quot;,&quot;bike workout&quot;,&quot;riding description&quot;)" storage="c:\users\1\source\repos\finalsurgetestsproject\bin\debug\net8.0\finalsurgetestsproject.dll" id="19d9e6d0-1c29-22bb-9d68-77ffeaf3fd46">
      <Execution id="7f595851-8707-414b-8065-6a5ca0bd5940" />
      <TestMethod codeBase="C:\Users\1\source\repos\FinalsurgeTestsProject\bin\Debug\net8.0\FinalsurgeTestsProject.dll" adapterTypeName="executor://nunit3testexecutor/" className="FinalsurgeTestsProject.Tests.WorkoutTests" name="AddNewWorkoutTest(&quot;bike&quot;,&quot;bike workout&quot;,&quot;riding description&quot;)" />
    </UnitTest>
  </TestDefinitions>
  <TestEntries>
    <TestEntry testId="21da2d9d-1efb-e801-62ed-f898b76c6455" executionId="98271225-78db-443c-acf8-c8d5bdf3c833" testListId="8c84fa94-04c1-424b-9868-57a2d4851a1d" />
    <TestEntry testId="afdf72f6-4bd3-4c53-e77f-dcf83cb4155b" executionId="8e49afea-63b2-41e1-8243-2e5cd789ecb1" testListId="8c84fa94-04c1-424b-9868-57a2d4851a1d" />
    <TestEntry testId="a95899eb-9ac4-f5b2-24fc-da72343df61a" executionId="ca96b40c-ca72-4003-8b32-81542c1b05ec" testListId="8c84fa94-04c1-424b-9868-57a2d4851a1d" />
    <TestEntry testId="d1acfbf7-969e-8915-837e-6adce9c03f62" executionId="13645ed9-0935-42b7-86c2-7323e1cd9fde" testListId="8c84fa94-04c1-424b-9868-57a2d4851a1d" />
    <TestEntry testId="e6c3221f-1b8f-7898-88d3-e3728c0a3bb5" executionId="afcfd7ea-86f8-4e6a-9948-574192d533c7" testListId="8c84fa94-04c1-424b-9868-57a2d4851a1d" />
    <TestEntry testId="817e9c25-3506-73b5-412c-f06ca095ac7c" executionId="8acbc6f8-ec29-495c-8135-0ec41f3e99a3" testListId="8c84fa94-04c1-424b-9868-57a2d4851a1d" />
    <TestEntry testId="f982894d-66a9-b261-7e17-d255c69cb1d5" executionId="8019d9c0-7410-4302-8bf2-528f9542cb64" testListId="8c84fa94-04c1-424b-9868-57a2d4851a1d" />
    <TestEntry testId="3b9efe4a-8a7c-47ae-d36c-42c6e90fb474" executionId="03446d44-ca5b-4de3-a7b6-ef9b64f5856d" testListId="8c84fa94-04c1-424b-9868-57a2d4851a1d" />
    <TestEntry testId="6eb40d02-06fc-ffb2-083c-fa49753de0b3" executionId="89fc5939-3cfe-4097-a3ed-c2e3d8105d18" testListId="8c84fa94-04c1-424b-9868-57a2d4851a1d" />
    <TestEntry testId="2562054b-d404-4302-223c-238ce5f75557" executionId="26de779f-aa12-499c-b008-b997e145016f" testListId="8c84fa94-04c1-424b-9868-57a2d4851a1d" />
    <TestEntry testId="3780a676-703f-d908-102c-cc21aba20030" executionId="b13000a9-7c9a-4483-971e-0b16c6489002" testListId="8c84fa94-04c1-424b-9868-57a2d4851a1d" />
    <TestEntry testId="09a7f568-28ed-da50-b566-6786c268b30a" executionId="678cab1d-85ab-430c-91d8-5d97d30db6d3" testListId="8c84fa94-04c1-424b-9868-57a2d4851a1d" />
    <TestEntry testId="8925873e-5352-bbbb-287a-8b52eb7ceb2b" executionId="efcda1e2-6ac6-4bb8-a70a-23dc827fd6f3" testListId="8c84fa94-04c1-424b-9868-57a2d4851a1d" />
    <TestEntry testId="19d9e6d0-1c29-22bb-9d68-77ffeaf3fd46" executionId="7f595851-8707-414b-8065-6a5ca0bd5940" testListId="8c84fa94-04c1-424b-9868-57a2d4851a1d" />
    <TestEntry testId="d9871a85-4a1a-0c06-c21e-41b9a157cc11" executionId="dbcecbd2-5807-4f01-b573-74b7c9820498" testListId="8c84fa94-04c1-424b-9868-57a2d4851a1d" />
    <TestEntry testId="d842d50f-2ea6-e8da-3031-14ea0c4d4e40" executionId="516c18e8-97bd-496d-9547-33161e6e00fa" testListId="8c84fa94-04c1-424b-9868-57a2d4851a1d" />
    <TestEntry testId="a9561a95-4f0b-cd2e-7919-62020485eeea" executionId="cc54c116-4ecc-48c0-974a-3a5cd8a49a33" testListId="8c84fa94-04c1-424b-9868-57a2d4851a1d" />
    <TestEntry testId="49628667-5363-e13d-aab5-fb716b9ec45f" executionId="af244d30-4093-495f-9ca6-4f9c908ea04f" testListId="8c84fa94-04c1-424b-9868-57a2d4851a1d" />
  </TestEntries>
  <TestLists>
    <TestList name="Список результатов" id="8c84fa94-04c1-424b-9868-57a2d4851a1d" />
    <TestList name="Все загруженные результаты" id="19431567-8539-422a-85d7-44ee4e166bda" />
  </TestLists>
  <ResultSummary outcome="Completed">
    <Counters total="18" executed="18" passed="18" failed="0" error="0" timeout="0" aborted="0" inconclusive="0" passedButRunAborted="0" notRunnable="0" notExecuted="0" disconnected="0" warning="0" completed="0" inProgress="0" pending="0" />
    <Output>
      <StdOut>NUnit Adapter 4.5.0.0: Test execution started&#xD;
Running all tests in C:\Users\1\source\repos\FinalsurgeTestsProject\bin\Debug\net8.0\FinalsurgeTestsProject.dll&#xD;
   NUnit3TestExecutor discovered 18 of 18 NUnit test cases using Current Discovery mode, Non-Explicit run&#xD;
NUnit Adapter 4.5.0.0: Test execution complete&#xD;
</StdOut>
    </Output>
    <RunInfos>
      <RunInfo computerName="DESKTOP-A9M0I49" outcome="Warning" timestamp="2024-08-25T15:02:35.6687443+03:00">
        <Text>Value cannot be null. (Parameter 'key')&#xD;
</Text>
      </RunInfo>
      <RunInfo computerName="DESKTOP-A9M0I49" outcome="Warning" timestamp="2024-08-25T15:02:44.9125217+03:00">
        <Text>Value cannot be null. (Parameter 'key')&#xD;
</Text>
      </RunInfo>
      <RunInfo computerName="DESKTOP-A9M0I49" outcome="Warning" timestamp="2024-08-25T15:02:55.1055612+03:00">
        <Text>Value cannot be null. (Parameter 'key')&#xD;
</Text>
      </RunInfo>
      <RunInfo computerName="DESKTOP-A9M0I49" outcome="Warning" timestamp="2024-08-25T15:03:05.8116630+03:00">
        <Text>Value cannot be null. (Parameter 'key')&#xD;
</Text>
      </RunInfo>
      <RunInfo computerName="DESKTOP-A9M0I49" outcome="Warning" timestamp="2024-08-25T15:03:20.9287762+03:00">
        <Text>Value cannot be null. (Parameter 'key')&#xD;
</Text>
      </RunInfo>
      <RunInfo computerName="DESKTOP-A9M0I49" outcome="Warning" timestamp="2024-08-25T15:03:32.8649333+03:00">
        <Text>Value cannot be null. (Parameter 'key')&#xD;
</Text>
      </RunInfo>
      <RunInfo computerName="DESKTOP-A9M0I49" outcome="Warning" timestamp="2024-08-25T15:03:43.5948132+03:00">
        <Text>Value cannot be null. (Parameter 'key')&#xD;
</Text>
      </RunInfo>
      <RunInfo computerName="DESKTOP-A9M0I49" outcome="Warning" timestamp="2024-08-25T15:03:56.9967218+03:00">
        <Text>Value cannot be null. (Parameter 'key')&#xD;
</Text>
      </RunInfo>
      <RunInfo computerName="DESKTOP-A9M0I49" outcome="Warning" timestamp="2024-08-25T15:04:08.3721534+03:00">
        <Text>Value cannot be null. (Parameter 'key')&#xD;
</Text>
      </RunInfo>
      <RunInfo computerName="DESKTOP-A9M0I49" outcome="Warning" timestamp="2024-08-25T15:04:20.8475979+03:00">
        <Text>Value cannot be null. (Parameter 'key')&#xD;
</Text>
      </RunInfo>
      <RunInfo computerName="DESKTOP-A9M0I49" outcome="Warning" timestamp="2024-08-25T15:04:32.0992878+03:00">
        <Text>Value cannot be null. (Parameter 'key')&#xD;
</Text>
      </RunInfo>
      <RunInfo computerName="DESKTOP-A9M0I49" outcome="Warning" timestamp="2024-08-25T15:04:43.7131078+03:00">
        <Text>Value cannot be null. (Parameter 'key')&#xD;
</Text>
      </RunInfo>
      <RunInfo computerName="DESKTOP-A9M0I49" outcome="Warning" timestamp="2024-08-25T15:04:57.6758172+03:00">
        <Text>Value cannot be null. (Parameter 'key')&#xD;
</Text>
      </RunInfo>
      <RunInfo computerName="DESKTOP-A9M0I49" outcome="Warning" timestamp="2024-08-25T15:05:13.5018567+03:00">
        <Text>Value cannot be null. (Parameter 'key')&#xD;
</Text>
      </RunInfo>
      <RunInfo computerName="DESKTOP-A9M0I49" outcome="Warning" timestamp="2024-08-25T15:05:32.1859613+03:00">
        <Text>Value cannot be null. (Parameter 'key')&#xD;
</Text>
      </RunInfo>
      <RunInfo computerName="DESKTOP-A9M0I49" outcome="Warning" timestamp="2024-08-25T15:05:47.6778292+03:00">
        <Text>Value cannot be null. (Parameter 'key')&#xD;
</Text>
      </RunInfo>
      <RunInfo computerName="DESKTOP-A9M0I49" outcome="Warning" timestamp="2024-08-25T15:06:04.4947328+03:00">
        <Text>Value cannot be null. (Parameter 'key')&#xD;
</Text>
      </RunInfo>
      <RunInfo computerName="DESKTOP-A9M0I49" outcome="Warning" timestamp="2024-08-25T15:06:15.6412699+03:00">
        <Text>Value cannot be null. (Parameter 'key')&#xD;
</Text>
      </RunInfo>
    </RunInfos>
  </ResultSummary>
</TestRun>