<?xml version="1.0" encoding="utf-8"?>
<TestRun id="f914c929-8fb4-437a-b687-8aef8ef705b2" name="DESKTOP-A9M0I49$@DESKTOP-A9M0I49 2024-08-29 00:32:34" runUser="NT AUTHORITY\СИСТЕМА" xmlns="http://microsoft.com/schemas/VisualStudio/TeamTest/2010">
  <Times creation="2024-08-29T00:32:34.1320365+03:00" queuing="2024-08-29T00:32:34.1320369+03:00" start="2024-08-29T00:32:23.4413277+03:00" finish="2024-08-29T00:37:13.9267325+03:00" />
  <TestSettings name="default" id="bcc225a5-195c-454d-bc35-ca15c9fe285a">
    <Deployment runDeploymentRoot="DESKTOP-A9M0I49$_DESKTOP-A9M0I49_2024-08-29_00_32_34" />
  </TestSettings>
  <Results>
    <UnitTestResult executionId="555807ae-724f-4da4-a4a6-0887c7f6137f" testId="2562054b-d404-4302-223c-238ce5f75557" testName="AddNewWorkoutTest(&quot;walk&quot;,&quot;walk workout&quot;,&quot;walking description&quot;)" computerName="DESKTOP-A9M0I49" duration="00:00:15.0419380" startTime="2024-08-29T00:35:56.5916399+03:00" endTime="2024-08-29T00:36:11.6335773+03:00" testType="13cdc9d9-ddb5-4fa4-a97d-d965ccfc6d4b" outcome="Passed" testListId="8c84fa94-04c1-424b-9868-57a2d4851a1d" relativeResultsDirectory="555807ae-724f-4da4-a4a6-0887c7f6137f">
      <Output>
        <StdOut>Value cannot be null. (Parameter 'key')</StdOut>
      </Output>
    </UnitTestResult>
    <UnitTestResult executionId="cd75c0ca-6dcc-4f40-87da-c310e9480873" testId="f982894d-66a9-b261-7e17-d255c69cb1d5" testName="OpenCalendarByButtonTest" computerName="DESKTOP-A9M0I49" duration="00:00:15.8265840" startTime="2024-08-29T00:32:46.4812863+03:00" endTime="2024-08-29T00:33:02.3078698+03:00" testType="13cdc9d9-ddb5-4fa4-a97d-d965ccfc6d4b" outcome="Passed" testListId="8c84fa94-04c1-424b-9868-57a2d4851a1d" relativeResultsDirectory="cd75c0ca-6dcc-4f40-87da-c310e9480873">
      <Output>
        <StdOut>Value cannot be null. (Parameter 'key')</StdOut>
      </Output>
    </UnitTestResult>
    <UnitTestResult executionId="1917b96b-e4e2-422b-bd40-c8ac191cbfcc" testId="817e9c25-3506-73b5-412c-f06ca095ac7c" testName="AddNewWorkoutTest(&quot;run&quot;,&quot;run workout&quot;,&quot;running description&quot;)" computerName="DESKTOP-A9M0I49" duration="00:00:17.3834310" startTime="2024-08-29T00:35:07.6014681+03:00" endTime="2024-08-29T00:35:24.9848955+03:00" testType="13cdc9d9-ddb5-4fa4-a97d-d965ccfc6d4b" outcome="Passed" testListId="8c84fa94-04c1-424b-9868-57a2d4851a1d" relativeResultsDirectory="1917b96b-e4e2-422b-bd40-c8ac191cbfcc">
      <Output>
        <StdOut>Value cannot be null. (Parameter 'key')</StdOut>
      </Output>
    </UnitTestResult>
    <UnitTestResult executionId="19bb25ca-db15-4db9-9fdd-e751f1f1c34a" testId="d842d50f-2ea6-e8da-3031-14ea0c4d4e40" testName="AddNewWorkoutTest(&quot;strenghTraining&quot;,&quot;strenghTraining&quot;,&quot;strenghTraining description&quot;)" computerName="DESKTOP-A9M0I49" duration="00:00:14.1141280" startTime="2024-08-29T00:36:24.6786767+03:00" endTime="2024-08-29T00:36:38.7928047+03:00" testType="13cdc9d9-ddb5-4fa4-a97d-d965ccfc6d4b" outcome="Passed" testListId="8c84fa94-04c1-424b-9868-57a2d4851a1d" relativeResultsDirectory="19bb25ca-db15-4db9-9fdd-e751f1f1c34a">
      <Output>
        <StdOut>Value cannot be null. (Parameter 'key')</StdOut>
      </Output>
    </UnitTestResult>
    <UnitTestResult executionId="8505b341-0f21-4a23-a2bf-c1d0ab30b3bf" testId="1bde3e90-2640-fcb5-ac93-a86a088fa05c" testName="AddNewBasicWorkoutTest(&quot;swim&quot;,&quot;swim workout&quot;,&quot;swimming description&quot;,2)" computerName="DESKTOP-A9M0I49" duration="00:00:14.9391680" startTime="2024-08-29T00:33:56.3001209+03:00" endTime="2024-08-29T00:34:11.2392885+03:00" testType="13cdc9d9-ddb5-4fa4-a97d-d965ccfc6d4b" outcome="Passed" testListId="8c84fa94-04c1-424b-9868-57a2d4851a1d" relativeResultsDirectory="8505b341-0f21-4a23-a2bf-c1d0ab30b3bf">
      <Output>
        <StdOut>Value cannot be null. (Parameter 'key')</StdOut>
      </Output>
    </UnitTestResult>
    <UnitTestResult executionId="2737eaf0-e789-44b3-a0fb-e485c74e38f8" testId="afdf72f6-4bd3-4c53-e77f-dcf83cb4155b" testName="AddNewWorkoutSwimTest" computerName="DESKTOP-A9M0I49" duration="00:00:13.6569330" startTime="2024-08-29T00:34:40.5677490+03:00" endTime="2024-08-29T00:34:54.2246815+03:00" testType="13cdc9d9-ddb5-4fa4-a97d-d965ccfc6d4b" outcome="Passed" testListId="8c84fa94-04c1-424b-9868-57a2d4851a1d" relativeResultsDirectory="2737eaf0-e789-44b3-a0fb-e485c74e38f8">
      <Output>
        <StdOut>Value cannot be null. (Parameter 'key')</StdOut>
      </Output>
    </UnitTestResult>
    <UnitTestResult executionId="2ff1f145-113a-4785-8573-bfa250d2573b" testId="21da2d9d-1efb-e801-62ed-f898b76c6455" testName="OpenAddWorksPageTest" computerName="DESKTOP-A9M0I49" duration="00:00:12.4039610" startTime="2024-08-29T00:32:34.0772744+03:00" endTime="2024-08-29T00:32:46.4812354+03:00" testType="13cdc9d9-ddb5-4fa4-a97d-d965ccfc6d4b" outcome="Passed" testListId="8c84fa94-04c1-424b-9868-57a2d4851a1d" relativeResultsDirectory="2ff1f145-113a-4785-8573-bfa250d2573b">
      <Output>
        <StdOut>Value cannot be null. (Parameter 'key')</StdOut>
      </Output>
    </UnitTestResult>
    <UnitTestResult executionId="cbf81eba-3704-4716-84fc-1a97c9506989" testId="a4ec9c58-e29a-4ec5-046c-cbb9b79bd5e3" testName="AddNewBasicWorkoutTest(&quot;bike&quot;,&quot;bike workout&quot;,&quot;riding description&quot;,2)" computerName="DESKTOP-A9M0I49" duration="00:00:13.7590630" startTime="2024-08-29T00:33:27.8391374+03:00" endTime="2024-08-29T00:33:41.5981999+03:00" testType="13cdc9d9-ddb5-4fa4-a97d-d965ccfc6d4b" outcome="Passed" testListId="8c84fa94-04c1-424b-9868-57a2d4851a1d" relativeResultsDirectory="cbf81eba-3704-4716-84fc-1a97c9506989">
      <Output>
        <StdOut>Value cannot be null. (Parameter 'key')</StdOut>
      </Output>
    </UnitTestResult>
    <UnitTestResult executionId="cff41c5c-da4f-4712-82a3-4b8682ba399a" testId="8925873e-5352-bbbb-287a-8b52eb7ceb2b" testName="OpenTrainingCalendarPageTest" computerName="DESKTOP-A9M0I49" duration="00:00:11.3022020" startTime="2024-08-29T00:33:16.5339550+03:00" endTime="2024-08-29T00:33:27.8361565+03:00" testType="13cdc9d9-ddb5-4fa4-a97d-d965ccfc6d4b" outcome="Passed" testListId="8c84fa94-04c1-424b-9868-57a2d4851a1d" relativeResultsDirectory="cff41c5c-da4f-4712-82a3-4b8682ba399a">
      <Output>
        <StdOut>Value cannot be null. (Parameter 'key')</StdOut>
      </Output>
    </UnitTestResult>
    <UnitTestResult executionId="c4611800-b9b1-46e2-ab79-b10f43d86b0a" testId="19d9e6d0-1c29-22bb-9d68-77ffeaf3fd46" testName="AddNewWorkoutTest(&quot;bike&quot;,&quot;bike workout&quot;,&quot;riding description&quot;)" computerName="DESKTOP-A9M0I49" duration="00:00:13.3766280" startTime="2024-08-29T00:34:54.2247790+03:00" endTime="2024-08-29T00:35:07.6014067+03:00" testType="13cdc9d9-ddb5-4fa4-a97d-d965ccfc6d4b" outcome="Passed" testListId="8c84fa94-04c1-424b-9868-57a2d4851a1d" relativeResultsDirectory="c4611800-b9b1-46e2-ab79-b10f43d86b0a">
      <Output>
        <StdOut>Value cannot be null. (Parameter 'key')</StdOut>
      </Output>
    </UnitTestResult>
    <UnitTestResult executionId="2912d303-be74-4279-ab32-e48500f35c45" testId="09a7f568-28ed-da50-b566-6786c268b30a" testName="OpenDailyVitalsPageTest" computerName="DESKTOP-A9M0I49" duration="00:00:14.2259890" startTime="2024-08-29T00:33:02.3079047+03:00" endTime="2024-08-29T00:33:16.5338933+03:00" testType="13cdc9d9-ddb5-4fa4-a97d-d965ccfc6d4b" outcome="Passed" testListId="8c84fa94-04c1-424b-9868-57a2d4851a1d" relativeResultsDirectory="2912d303-be74-4279-ab32-e48500f35c45">
      <Output>
        <StdOut>Value cannot be null. (Parameter 'key')</StdOut>
      </Output>
    </UnitTestResult>
    <UnitTestResult executionId="777998d4-2d80-4de3-af3d-85ad72b2601b" testId="a9561a95-4f0b-cd2e-7919-62020485eeea" testName="AddNewWorkoutTest(&quot;transition&quot;,&quot;transition&quot;,&quot;transition description&quot;)" computerName="DESKTOP-A9M0I49" duration="00:00:11.7710210" startTime="2024-08-29T00:37:02.0853582+03:00" endTime="2024-08-29T00:37:13.8563784+03:00" testType="13cdc9d9-ddb5-4fa4-a97d-d965ccfc6d4b" outcome="Passed" testListId="8c84fa94-04c1-424b-9868-57a2d4851a1d" relativeResultsDirectory="777998d4-2d80-4de3-af3d-85ad72b2601b">
      <Output>
        <StdOut>Value cannot be null. (Parameter 'key')</StdOut>
      </Output>
    </UnitTestResult>
    <UnitTestResult executionId="105aec62-dc03-48eb-a24a-cc3144908a13" testId="e6c3221f-1b8f-7898-88d3-e3728c0a3bb5" testName="AauthorizationCheckTest" computerName="DESKTOP-A9M0I49" duration="00:00:09.8102680" startTime="2024-08-29T00:32:24.2655089+03:00" endTime="2024-08-29T00:32:34.0756904+03:00" testType="13cdc9d9-ddb5-4fa4-a97d-d965ccfc6d4b" outcome="Passed" testListId="8c84fa94-04c1-424b-9868-57a2d4851a1d" relativeResultsDirectory="105aec62-dc03-48eb-a24a-cc3144908a13">
      <Output>
        <StdOut>Value cannot be null. (Parameter 'key')</StdOut>
      </Output>
    </UnitTestResult>
    <UnitTestResult executionId="941620a2-9fd6-42a9-8399-2d7736d2f874" testId="44473a8c-cd23-82dd-5640-d78e27a8e216" testName="AddNewBasicWorkoutTest(&quot;run&quot;,&quot;run workout&quot;,&quot;running description&quot;,2)" computerName="DESKTOP-A9M0I49" duration="00:00:14.7018230" startTime="2024-08-29T00:33:41.5982681+03:00" endTime="2024-08-29T00:33:56.3000904+03:00" testType="13cdc9d9-ddb5-4fa4-a97d-d965ccfc6d4b" outcome="Passed" testListId="8c84fa94-04c1-424b-9868-57a2d4851a1d" relativeResultsDirectory="941620a2-9fd6-42a9-8399-2d7736d2f874">
      <Output>
        <StdOut>Value cannot be null. (Parameter 'key')</StdOut>
      </Output>
    </UnitTestResult>
    <UnitTestResult executionId="352b0c14-9057-49f7-943d-3de67541c278" testId="6eb40d02-06fc-ffb2-083c-fa49753de0b3" testName="AddNewWorkoutTest(&quot;other&quot;,&quot;other&quot;,&quot;other description&quot;)" computerName="DESKTOP-A9M0I49" duration="00:00:10.7689780" startTime="2024-08-29T00:36:51.3163451+03:00" endTime="2024-08-29T00:37:02.0853227+03:00" testType="13cdc9d9-ddb5-4fa4-a97d-d965ccfc6d4b" outcome="Passed" testListId="8c84fa94-04c1-424b-9868-57a2d4851a1d" relativeResultsDirectory="352b0c14-9057-49f7-943d-3de67541c278">
      <Output>
        <StdOut>Value cannot be null. (Parameter 'key')</StdOut>
      </Output>
    </UnitTestResult>
    <UnitTestResult executionId="fcec26bd-3006-4ccb-aa66-9a0b5fb11bee" testId="d1acfbf7-969e-8915-837e-6adce9c03f62" testName="AddNewWorkoutTest(&quot;crossTraining&quot;,&quot;crossTraining workout&quot;,&quot;crossTraining description&quot;)" computerName="DESKTOP-A9M0I49" duration="00:00:16.0979810" startTime="2024-08-29T00:35:40.4935927+03:00" endTime="2024-08-29T00:35:56.5915733+03:00" testType="13cdc9d9-ddb5-4fa4-a97d-d965ccfc6d4b" outcome="Passed" testListId="8c84fa94-04c1-424b-9868-57a2d4851a1d" relativeResultsDirectory="fcec26bd-3006-4ccb-aa66-9a0b5fb11bee">
      <Output>
        <StdOut>Value cannot be null. (Parameter 'key')</StdOut>
      </Output>
    </UnitTestResult>
    <UnitTestResult executionId="858d578e-5772-4012-89e7-c8667e041e32" testId="49628667-5363-e13d-aab5-fb716b9ec45f" testName="AddNewWorkoutRunTest" computerName="DESKTOP-A9M0I49" duration="00:00:13.1320090" startTime="2024-08-29T00:34:27.4357112+03:00" endTime="2024-08-29T00:34:40.5677202+03:00" testType="13cdc9d9-ddb5-4fa4-a97d-d965ccfc6d4b" outcome="Passed" testListId="8c84fa94-04c1-424b-9868-57a2d4851a1d" relativeResultsDirectory="858d578e-5772-4012-89e7-c8667e041e32">
      <Output>
        <StdOut>Value cannot be null. (Parameter 'key')</StdOut>
      </Output>
    </UnitTestResult>
    <UnitTestResult executionId="dd3e1605-335d-4926-9c6e-f613e8185805" testId="a95899eb-9ac4-f5b2-24fc-da72343df61a" testName="AddNewWorkoutTest(&quot;restDay&quot;,&quot;restDay&quot;,&quot;restDay description&quot;)" computerName="DESKTOP-A9M0I49" duration="00:00:13.0450190" startTime="2024-08-29T00:36:11.6336186+03:00" endTime="2024-08-29T00:36:24.6786371+03:00" testType="13cdc9d9-ddb5-4fa4-a97d-d965ccfc6d4b" outcome="Passed" testListId="8c84fa94-04c1-424b-9868-57a2d4851a1d" relativeResultsDirectory="dd3e1605-335d-4926-9c6e-f613e8185805">
      <Output>
        <StdOut>Value cannot be null. (Parameter 'key')</StdOut>
      </Output>
    </UnitTestResult>
    <UnitTestResult executionId="57920487-6ec1-48e4-8a36-5839aa881a8f" testId="3780a676-703f-d908-102c-cc21aba20030" testName="AddNewWorkoutTest(&quot;recoveryRehub&quot;,&quot;recoveryRehub&quot;,&quot;recoveryRehub description&quot;)" computerName="DESKTOP-A9M0I49" duration="00:00:12.5234610" startTime="2024-08-29T00:36:38.7928365+03:00" endTime="2024-08-29T00:36:51.3162968+03:00" testType="13cdc9d9-ddb5-4fa4-a97d-d965ccfc6d4b" outcome="Passed" testListId="8c84fa94-04c1-424b-9868-57a2d4851a1d" relativeResultsDirectory="57920487-6ec1-48e4-8a36-5839aa881a8f">
      <Output>
        <StdOut>Value cannot be null. (Parameter 'key')</StdOut>
      </Output>
    </UnitTestResult>
    <UnitTestResult executionId="21ece446-5374-49d3-8b2a-76f258c286c8" testId="8128fb0a-ad3a-8a95-61c8-095250744327" testName="AddNewBasicWorkoutTest(&quot;crossTraining&quot;,&quot;crossTraining workout&quot;,&quot;crossTraining description&quot;,2)" computerName="DESKTOP-A9M0I49" duration="00:00:16.1942360" startTime="2024-08-29T00:34:11.2404614+03:00" endTime="2024-08-29T00:34:27.4346962+03:00" testType="13cdc9d9-ddb5-4fa4-a97d-d965ccfc6d4b" outcome="Failed" testListId="8c84fa94-04c1-424b-9868-57a2d4851a1d" relativeResultsDirectory="21ece446-5374-49d3-8b2a-76f258c286c8">
      <Output>
        <StdOut>Value cannot be null. (Parameter 'key')</StdOut>
        <ErrorInfo>
          <Message>  Expected: True&#xD;
  But was:  False&#xD;
</Message>
          <StackTrace>   at FinalsurgeTestsProject.Tests.WorkoutTests.AddNewBasicWorkoutTest(String element, String name, String description, Int32 mi) in C:\Users\1\source\repos\FinalsurgeTestsProject\Tests\WorkoutTests.cs:line 45&#xD;
   at InvokeStub_WorkoutTests.AddNewBasicWorkoutTest(Object, Span`1)&#xD;

1)    at FinalsurgeTestsProject.Tests.WorkoutTests.AddNewBasicWorkoutTest(String element, String name, String description, Int32 mi) in C:\Users\1\source\repos\FinalsurgeTestsProject\Tests\WorkoutTests.cs:line 45&#xD;
   at InvokeStub_WorkoutTests.AddNewBasicWorkoutTest(Object, Span`1)&#xD;

</StackTrace>
        </ErrorInfo>
      </Output>
    </UnitTestResult>
    <UnitTestResult executionId="2852a946-5f60-45f4-a554-4eb8e041f733" testId="d9871a85-4a1a-0c06-c21e-41b9a157cc11" testName="AddNewWorkoutTest(&quot;swim&quot;,&quot;swim workout&quot;,&quot;swimming description&quot;)" computerName="DESKTOP-A9M0I49" duration="00:00:15.5086020" startTime="2024-08-29T00:35:24.9849302+03:00" endTime="2024-08-29T00:35:40.4935315+03:00" testType="13cdc9d9-ddb5-4fa4-a97d-d965ccfc6d4b" outcome="Passed" testListId="8c84fa94-04c1-424b-9868-57a2d4851a1d" relativeResultsDirectory="2852a946-5f60-45f4-a554-4eb8e041f733">
      <Output>
        <StdOut>Value cannot be null. (Parameter 'key')</StdOut>
      </Output>
    </UnitTestResult>
  </Results>
  <TestDefinitions>
    <UnitTest name="AddNewBasicWorkoutTest(&quot;bike&quot;,&quot;bike workout&quot;,&quot;riding description&quot;,2)" storage="c:\users\1\source\repos\finalsurgetestsproject\bin\debug\net8.0\finalsurgetestsproject.dll" id="a4ec9c58-e29a-4ec5-046c-cbb9b79bd5e3">
      <Execution id="cbf81eba-3704-4716-84fc-1a97c9506989" />
      <TestMethod codeBase="C:\Users\1\source\repos\FinalsurgeTestsProject\bin\Debug\net8.0\FinalsurgeTestsProject.dll" adapterTypeName="executor://nunit3testexecutor/" className="FinalsurgeTestsProject.Tests.WorkoutTests" name="AddNewBasicWorkoutTest(&quot;bike&quot;,&quot;bike workout&quot;,&quot;riding description&quot;,2)" />
    </UnitTest>
    <UnitTest name="AauthorizationCheckTest" storage="c:\users\1\source\repos\finalsurgetestsproject\bin\debug\net8.0\finalsurgetestsproject.dll" id="e6c3221f-1b8f-7898-88d3-e3728c0a3bb5">
      <Execution id="105aec62-dc03-48eb-a24a-cc3144908a13" />
      <TestMethod codeBase="C:\Users\1\source\repos\FinalsurgeTestsProject\bin\Debug\net8.0\FinalsurgeTestsProject.dll" adapterTypeName="executor://nunit3testexecutor/" className="FinalsurgeTestsProject.Tests.Tests" name="AauthorizationCheckTest" />
    </UnitTest>
    <UnitTest name="AddNewWorkoutTest(&quot;other&quot;,&quot;other&quot;,&quot;other description&quot;)" storage="c:\users\1\source\repos\finalsurgetestsproject\bin\debug\net8.0\finalsurgetestsproject.dll" id="6eb40d02-06fc-ffb2-083c-fa49753de0b3">
      <Execution id="352b0c14-9057-49f7-943d-3de67541c278" />
      <TestMethod codeBase="C:\Users\1\source\repos\FinalsurgeTestsProject\bin\Debug\net8.0\FinalsurgeTestsProject.dll" adapterTypeName="executor://nunit3testexecutor/" className="FinalsurgeTestsProject.Tests.WorkoutTests" name="AddNewWorkoutTest(&quot;other&quot;,&quot;other&quot;,&quot;other description&quot;)" />
    </UnitTest>
    <UnitTest name="AddNewWorkoutTest(&quot;crossTraining&quot;,&quot;crossTraining workout&quot;,&quot;crossTraining description&quot;)" storage="c:\users\1\source\repos\finalsurgetestsproject\bin\debug\net8.0\finalsurgetestsproject.dll" id="d1acfbf7-969e-8915-837e-6adce9c03f62">
      <Execution id="fcec26bd-3006-4ccb-aa66-9a0b5fb11bee" />
      <TestMethod codeBase="C:\Users\1\source\repos\FinalsurgeTestsProject\bin\Debug\net8.0\FinalsurgeTestsProject.dll" adapterTypeName="executor://nunit3testexecutor/" className="FinalsurgeTestsProject.Tests.WorkoutTests" name="AddNewWorkoutTest(&quot;crossTraining&quot;,&quot;crossTraining workout&quot;,&quot;crossTraining description&quot;)" />
    </UnitTest>
    <UnitTest name="AddNewWorkoutTest(&quot;restDay&quot;,&quot;restDay&quot;,&quot;restDay description&quot;)" storage="c:\users\1\source\repos\finalsurgetestsproject\bin\debug\net8.0\finalsurgetestsproject.dll" id="a95899eb-9ac4-f5b2-24fc-da72343df61a">
      <Execution id="dd3e1605-335d-4926-9c6e-f613e8185805" />
      <TestMethod codeBase="C:\Users\1\source\repos\FinalsurgeTestsProject\bin\Debug\net8.0\FinalsurgeTestsProject.dll" adapterTypeName="executor://nunit3testexecutor/" className="FinalsurgeTestsProject.Tests.WorkoutTests" name="AddNewWorkoutTest(&quot;restDay&quot;,&quot;restDay&quot;,&quot;restDay description&quot;)" />
    </UnitTest>
    <UnitTest name="AddNewWorkoutRunTest" storage="c:\users\1\source\repos\finalsurgetestsproject\bin\debug\net8.0\finalsurgetestsproject.dll" id="49628667-5363-e13d-aab5-fb716b9ec45f">
      <Execution id="858d578e-5772-4012-89e7-c8667e041e32" />
      <TestMethod codeBase="C:\Users\1\source\repos\FinalsurgeTestsProject\bin\Debug\net8.0\FinalsurgeTestsProject.dll" adapterTypeName="executor://nunit3testexecutor/" className="FinalsurgeTestsProject.Tests.WorkoutTests" name="AddNewWorkoutRunTest" />
    </UnitTest>
    <UnitTest name="OpenDailyVitalsPageTest" storage="c:\users\1\source\repos\finalsurgetestsproject\bin\debug\net8.0\finalsurgetestsproject.dll" id="09a7f568-28ed-da50-b566-6786c268b30a">
      <Execution id="2912d303-be74-4279-ab32-e48500f35c45" />
      <TestMethod codeBase="C:\Users\1\source\repos\FinalsurgeTestsProject\bin\Debug\net8.0\FinalsurgeTestsProject.dll" adapterTypeName="executor://nunit3testexecutor/" className="FinalsurgeTestsProject.Tests.Tests" name="OpenDailyVitalsPageTest" />
    </UnitTest>
    <UnitTest name="AddNewBasicWorkoutTest(&quot;crossTraining&quot;,&quot;crossTraining workout&quot;,&quot;crossTraining description&quot;,2)" storage="c:\users\1\source\repos\finalsurgetestsproject\bin\debug\net8.0\finalsurgetestsproject.dll" id="8128fb0a-ad3a-8a95-61c8-095250744327">
      <Execution id="21ece446-5374-49d3-8b2a-76f258c286c8" />
      <TestMethod codeBase="C:\Users\1\source\repos\FinalsurgeTestsProject\bin\Debug\net8.0\FinalsurgeTestsProject.dll" adapterTypeName="executor://nunit3testexecutor/" className="FinalsurgeTestsProject.Tests.WorkoutTests" name="AddNewBasicWorkoutTest(&quot;crossTraining&quot;,&quot;crossTraining workout&quot;,&quot;crossTraining description&quot;,2)" />
    </UnitTest>
    <UnitTest name="AddNewWorkoutSwimTest" storage="c:\users\1\source\repos\finalsurgetestsproject\bin\debug\net8.0\finalsurgetestsproject.dll" id="afdf72f6-4bd3-4c53-e77f-dcf83cb4155b">
      <Execution id="2737eaf0-e789-44b3-a0fb-e485c74e38f8" />
      <TestMethod codeBase="C:\Users\1\source\repos\FinalsurgeTestsProject\bin\Debug\net8.0\FinalsurgeTestsProject.dll" adapterTypeName="executor://nunit3testexecutor/" className="FinalsurgeTestsProject.Tests.WorkoutTests" name="AddNewWorkoutSwimTest" />
    </UnitTest>
    <UnitTest name="AddNewWorkoutTest(&quot;run&quot;,&quot;run workout&quot;,&quot;running description&quot;)" storage="c:\users\1\source\repos\finalsurgetestsproject\bin\debug\net8.0\finalsurgetestsproject.dll" id="817e9c25-3506-73b5-412c-f06ca095ac7c">
      <Execution id="1917b96b-e4e2-422b-bd40-c8ac191cbfcc" />
      <TestMethod codeBase="C:\Users\1\source\repos\FinalsurgeTestsProject\bin\Debug\net8.0\FinalsurgeTestsProject.dll" adapterTypeName="executor://nunit3testexecutor/" className="FinalsurgeTestsProject.Tests.WorkoutTests" name="AddNewWorkoutTest(&quot;run&quot;,&quot;run workout&quot;,&quot;running description&quot;)" />
    </UnitTest>
    <UnitTest name="AddNewWorkoutTest(&quot;strenghTraining&quot;,&quot;strenghTraining&quot;,&quot;strenghTraining description&quot;)" storage="c:\users\1\source\repos\finalsurgetestsproject\bin\debug\net8.0\finalsurgetestsproject.dll" id="d842d50f-2ea6-e8da-3031-14ea0c4d4e40">
      <Execution id="19bb25ca-db15-4db9-9fdd-e751f1f1c34a" />
      <TestMethod codeBase="C:\Users\1\source\repos\FinalsurgeTestsProject\bin\Debug\net8.0\FinalsurgeTestsProject.dll" adapterTypeName="executor://nunit3testexecutor/" className="FinalsurgeTestsProject.Tests.WorkoutTests" name="AddNewWorkoutTest(&quot;strenghTraining&quot;,&quot;strenghTraining&quot;,&quot;strenghTraining description&quot;)" />
    </UnitTest>
    <UnitTest name="AddNewWorkoutTest(&quot;swim&quot;,&quot;swim workout&quot;,&quot;swimming description&quot;)" storage="c:\users\1\source\repos\finalsurgetestsproject\bin\debug\net8.0\finalsurgetestsproject.dll" id="d9871a85-4a1a-0c06-c21e-41b9a157cc11">
      <Execution id="2852a946-5f60-45f4-a554-4eb8e041f733" />
      <TestMethod codeBase="C:\Users\1\source\repos\FinalsurgeTestsProject\bin\Debug\net8.0\FinalsurgeTestsProject.dll" adapterTypeName="executor://nunit3testexecutor/" className="FinalsurgeTestsProject.Tests.WorkoutTests" name="AddNewWorkoutTest(&quot;swim&quot;,&quot;swim workout&quot;,&quot;swimming description&quot;)" />
    </UnitTest>
    <UnitTest name="OpenTrainingCalendarPageTest" storage="c:\users\1\source\repos\finalsurgetestsproject\bin\debug\net8.0\finalsurgetestsproject.dll" id="8925873e-5352-bbbb-287a-8b52eb7ceb2b">
      <Execution id="cff41c5c-da4f-4712-82a3-4b8682ba399a" />
      <TestMethod codeBase="C:\Users\1\source\repos\FinalsurgeTestsProject\bin\Debug\net8.0\FinalsurgeTestsProject.dll" adapterTypeName="executor://nunit3testexecutor/" className="FinalsurgeTestsProject.Tests.Tests" name="OpenTrainingCalendarPageTest" />
    </UnitTest>
    <UnitTest name="AddNewWorkoutTest(&quot;walk&quot;,&quot;walk workout&quot;,&quot;walking description&quot;)" storage="c:\users\1\source\repos\finalsurgetestsproject\bin\debug\net8.0\finalsurgetestsproject.dll" id="2562054b-d404-4302-223c-238ce5f75557">
      <Execution id="555807ae-724f-4da4-a4a6-0887c7f6137f" />
      <TestMethod codeBase="C:\Users\1\source\repos\FinalsurgeTestsProject\bin\Debug\net8.0\FinalsurgeTestsProject.dll" adapterTypeName="executor://nunit3testexecutor/" className="FinalsurgeTestsProject.Tests.WorkoutTests" name="AddNewWorkoutTest(&quot;walk&quot;,&quot;walk workout&quot;,&quot;walking description&quot;)" />
    </UnitTest>
    <UnitTest name="OpenAddWorksPageTest" storage="c:\users\1\source\repos\finalsurgetestsproject\bin\debug\net8.0\finalsurgetestsproject.dll" id="21da2d9d-1efb-e801-62ed-f898b76c6455">
      <Execution id="2ff1f145-113a-4785-8573-bfa250d2573b" />
      <TestMethod codeBase="C:\Users\1\source\repos\FinalsurgeTestsProject\bin\Debug\net8.0\FinalsurgeTestsProject.dll" adapterTypeName="executor://nunit3testexecutor/" className="FinalsurgeTestsProject.Tests.Tests" name="OpenAddWorksPageTest" />
    </UnitTest>
    <UnitTest name="AddNewWorkoutTest(&quot;transition&quot;,&quot;transition&quot;,&quot;transition description&quot;)" storage="c:\users\1\source\repos\finalsurgetestsproject\bin\debug\net8.0\finalsurgetestsproject.dll" id="a9561a95-4f0b-cd2e-7919-62020485eeea">
      <Execution id="777998d4-2d80-4de3-af3d-85ad72b2601b" />
      <TestMethod codeBase="C:\Users\1\source\repos\FinalsurgeTestsProject\bin\Debug\net8.0\FinalsurgeTestsProject.dll" adapterTypeName="executor://nunit3testexecutor/" className="FinalsurgeTestsProject.Tests.WorkoutTests" name="AddNewWorkoutTest(&quot;transition&quot;,&quot;transition&quot;,&quot;transition description&quot;)" />
    </UnitTest>
    <UnitTest name="AddNewWorkoutTest(&quot;recoveryRehub&quot;,&quot;recoveryRehub&quot;,&quot;recoveryRehub description&quot;)" storage="c:\users\1\source\repos\finalsurgetestsproject\bin\debug\net8.0\finalsurgetestsproject.dll" id="3780a676-703f-d908-102c-cc21aba20030">
      <Execution id="57920487-6ec1-48e4-8a36-5839aa881a8f" />
      <TestMethod codeBase="C:\Users\1\source\repos\FinalsurgeTestsProject\bin\Debug\net8.0\FinalsurgeTestsProject.dll" adapterTypeName="executor://nunit3testexecutor/" className="FinalsurgeTestsProject.Tests.WorkoutTests" name="AddNewWorkoutTest(&quot;recoveryRehub&quot;,&quot;recoveryRehub&quot;,&quot;recoveryRehub description&quot;)" />
    </UnitTest>
    <UnitTest name="AddNewBasicWorkoutTest(&quot;swim&quot;,&quot;swim workout&quot;,&quot;swimming description&quot;,2)" storage="c:\users\1\source\repos\finalsurgetestsproject\bin\debug\net8.0\finalsurgetestsproject.dll" id="1bde3e90-2640-fcb5-ac93-a86a088fa05c">
      <Execution id="8505b341-0f21-4a23-a2bf-c1d0ab30b3bf" />
      <TestMethod codeBase="C:\Users\1\source\repos\FinalsurgeTestsProject\bin\Debug\net8.0\FinalsurgeTestsProject.dll" adapterTypeName="executor://nunit3testexecutor/" className="FinalsurgeTestsProject.Tests.WorkoutTests" name="AddNewBasicWorkoutTest(&quot;swim&quot;,&quot;swim workout&quot;,&quot;swimming description&quot;,2)" />
    </UnitTest>
    <UnitTest name="AddNewBasicWorkoutTest(&quot;run&quot;,&quot;run workout&quot;,&quot;running description&quot;,2)" storage="c:\users\1\source\repos\finalsurgetestsproject\bin\debug\net8.0\finalsurgetestsproject.dll" id="44473a8c-cd23-82dd-5640-d78e27a8e216">
      <Execution id="941620a2-9fd6-42a9-8399-2d7736d2f874" />
      <TestMethod codeBase="C:\Users\1\source\repos\FinalsurgeTestsProject\bin\Debug\net8.0\FinalsurgeTestsProject.dll" adapterTypeName="executor://nunit3testexecutor/" className="FinalsurgeTestsProject.Tests.WorkoutTests" name="AddNewBasicWorkoutTest(&quot;run&quot;,&quot;run workout&quot;,&quot;running description&quot;,2)" />
    </UnitTest>
    <UnitTest name="OpenCalendarByButtonTest" storage="c:\users\1\source\repos\finalsurgetestsproject\bin\debug\net8.0\finalsurgetestsproject.dll" id="f982894d-66a9-b261-7e17-d255c69cb1d5">
      <Execution id="cd75c0ca-6dcc-4f40-87da-c310e9480873" />
      <TestMethod codeBase="C:\Users\1\source\repos\FinalsurgeTestsProject\bin\Debug\net8.0\FinalsurgeTestsProject.dll" adapterTypeName="executor://nunit3testexecutor/" className="FinalsurgeTestsProject.Tests.Tests" name="OpenCalendarByButtonTest" />
    </UnitTest>
    <UnitTest name="AddNewWorkoutTest(&quot;bike&quot;,&quot;bike workout&quot;,&quot;riding description&quot;)" storage="c:\users\1\source\repos\finalsurgetestsproject\bin\debug\net8.0\finalsurgetestsproject.dll" id="19d9e6d0-1c29-22bb-9d68-77ffeaf3fd46">
      <Execution id="c4611800-b9b1-46e2-ab79-b10f43d86b0a" />
      <TestMethod codeBase="C:\Users\1\source\repos\FinalsurgeTestsProject\bin\Debug\net8.0\FinalsurgeTestsProject.dll" adapterTypeName="executor://nunit3testexecutor/" className="FinalsurgeTestsProject.Tests.WorkoutTests" name="AddNewWorkoutTest(&quot;bike&quot;,&quot;bike workout&quot;,&quot;riding description&quot;)" />
    </UnitTest>
  </TestDefinitions>
  <TestEntries>
    <TestEntry testId="2562054b-d404-4302-223c-238ce5f75557" executionId="555807ae-724f-4da4-a4a6-0887c7f6137f" testListId="8c84fa94-04c1-424b-9868-57a2d4851a1d" />
    <TestEntry testId="f982894d-66a9-b261-7e17-d255c69cb1d5" executionId="cd75c0ca-6dcc-4f40-87da-c310e9480873" testListId="8c84fa94-04c1-424b-9868-57a2d4851a1d" />
    <TestEntry testId="817e9c25-3506-73b5-412c-f06ca095ac7c" executionId="1917b96b-e4e2-422b-bd40-c8ac191cbfcc" testListId="8c84fa94-04c1-424b-9868-57a2d4851a1d" />
    <TestEntry testId="d842d50f-2ea6-e8da-3031-14ea0c4d4e40" executionId="19bb25ca-db15-4db9-9fdd-e751f1f1c34a" testListId="8c84fa94-04c1-424b-9868-57a2d4851a1d" />
    <TestEntry testId="1bde3e90-2640-fcb5-ac93-a86a088fa05c" executionId="8505b341-0f21-4a23-a2bf-c1d0ab30b3bf" testListId="8c84fa94-04c1-424b-9868-57a2d4851a1d" />
    <TestEntry testId="afdf72f6-4bd3-4c53-e77f-dcf83cb4155b" executionId="2737eaf0-e789-44b3-a0fb-e485c74e38f8" testListId="8c84fa94-04c1-424b-9868-57a2d4851a1d" />
    <TestEntry testId="21da2d9d-1efb-e801-62ed-f898b76c6455" executionId="2ff1f145-113a-4785-8573-bfa250d2573b" testListId="8c84fa94-04c1-424b-9868-57a2d4851a1d" />
    <TestEntry testId="a4ec9c58-e29a-4ec5-046c-cbb9b79bd5e3" executionId="cbf81eba-3704-4716-84fc-1a97c9506989" testListId="8c84fa94-04c1-424b-9868-57a2d4851a1d" />
    <TestEntry testId="8925873e-5352-bbbb-287a-8b52eb7ceb2b" executionId="cff41c5c-da4f-4712-82a3-4b8682ba399a" testListId="8c84fa94-04c1-424b-9868-57a2d4851a1d" />
    <TestEntry testId="19d9e6d0-1c29-22bb-9d68-77ffeaf3fd46" executionId="c4611800-b9b1-46e2-ab79-b10f43d86b0a" testListId="8c84fa94-04c1-424b-9868-57a2d4851a1d" />
    <TestEntry testId="09a7f568-28ed-da50-b566-6786c268b30a" executionId="2912d303-be74-4279-ab32-e48500f35c45" testListId="8c84fa94-04c1-424b-9868-57a2d4851a1d" />
    <TestEntry testId="a9561a95-4f0b-cd2e-7919-62020485eeea" executionId="777998d4-2d80-4de3-af3d-85ad72b2601b" testListId="8c84fa94-04c1-424b-9868-57a2d4851a1d" />
    <TestEntry testId="e6c3221f-1b8f-7898-88d3-e3728c0a3bb5" executionId="105aec62-dc03-48eb-a24a-cc3144908a13" testListId="8c84fa94-04c1-424b-9868-57a2d4851a1d" />
    <TestEntry testId="44473a8c-cd23-82dd-5640-d78e27a8e216" executionId="941620a2-9fd6-42a9-8399-2d7736d2f874" testListId="8c84fa94-04c1-424b-9868-57a2d4851a1d" />
    <TestEntry testId="6eb40d02-06fc-ffb2-083c-fa49753de0b3" executionId="352b0c14-9057-49f7-943d-3de67541c278" testListId="8c84fa94-04c1-424b-9868-57a2d4851a1d" />
    <TestEntry testId="d1acfbf7-969e-8915-837e-6adce9c03f62" executionId="fcec26bd-3006-4ccb-aa66-9a0b5fb11bee" testListId="8c84fa94-04c1-424b-9868-57a2d4851a1d" />
    <TestEntry testId="49628667-5363-e13d-aab5-fb716b9ec45f" executionId="858d578e-5772-4012-89e7-c8667e041e32" testListId="8c84fa94-04c1-424b-9868-57a2d4851a1d" />
    <TestEntry testId="a95899eb-9ac4-f5b2-24fc-da72343df61a" executionId="dd3e1605-335d-4926-9c6e-f613e8185805" testListId="8c84fa94-04c1-424b-9868-57a2d4851a1d" />
    <TestEntry testId="3780a676-703f-d908-102c-cc21aba20030" executionId="57920487-6ec1-48e4-8a36-5839aa881a8f" testListId="8c84fa94-04c1-424b-9868-57a2d4851a1d" />
    <TestEntry testId="8128fb0a-ad3a-8a95-61c8-095250744327" executionId="21ece446-5374-49d3-8b2a-76f258c286c8" testListId="8c84fa94-04c1-424b-9868-57a2d4851a1d" />
    <TestEntry testId="d9871a85-4a1a-0c06-c21e-41b9a157cc11" executionId="2852a946-5f60-45f4-a554-4eb8e041f733" testListId="8c84fa94-04c1-424b-9868-57a2d4851a1d" />
  </TestEntries>
  <TestLists>
    <TestList name="Список результатов" id="8c84fa94-04c1-424b-9868-57a2d4851a1d" />
    <TestList name="Все загруженные результаты" id="19431567-8539-422a-85d7-44ee4e166bda" />
  </TestLists>
  <ResultSummary outcome="Failed">
    <Counters total="21" executed="21" passed="20" failed="1" error="0" timeout="0" aborted="0" inconclusive="0" passedButRunAborted="0" notRunnable="0" notExecuted="0" disconnected="0" warning="0" completed="0" inProgress="0" pending="0" />
    <Output>
      <StdOut>NUnit Adapter 4.5.0.0: Test execution started&#xD;
Running all tests in C:\Users\1\source\repos\FinalsurgeTestsProject\bin\Debug\net8.0\FinalsurgeTestsProject.dll&#xD;
   NUnit3TestExecutor discovered 21 of 21 NUnit test cases using Current Discovery mode, Non-Explicit run&#xD;
NUnit Adapter 4.5.0.0: Test execution complete&#xD;
</StdOut>
    </Output>
    <RunInfos>
      <RunInfo computerName="DESKTOP-A9M0I49" outcome="Warning" timestamp="2024-08-29T00:32:34.0921876+03:00">
        <Text>Value cannot be null. (Parameter 'key')&#xD;
</Text>
      </RunInfo>
      <RunInfo computerName="DESKTOP-A9M0I49" outcome="Warning" timestamp="2024-08-29T00:32:46.4825081+03:00">
        <Text>Value cannot be null. (Parameter 'key')&#xD;
</Text>
      </RunInfo>
      <RunInfo computerName="DESKTOP-A9M0I49" outcome="Warning" timestamp="2024-08-29T00:33:02.3090888+03:00">
        <Text>Value cannot be null. (Parameter 'key')&#xD;
</Text>
      </RunInfo>
      <RunInfo computerName="DESKTOP-A9M0I49" outcome="Warning" timestamp="2024-08-29T00:33:16.5348003+03:00">
        <Text>Value cannot be null. (Parameter 'key')&#xD;
</Text>
      </RunInfo>
      <RunInfo computerName="DESKTOP-A9M0I49" outcome="Warning" timestamp="2024-08-29T00:33:27.8368688+03:00">
        <Text>Value cannot be null. (Parameter 'key')&#xD;
</Text>
      </RunInfo>
      <RunInfo computerName="DESKTOP-A9M0I49" outcome="Warning" timestamp="2024-08-29T00:33:41.5991062+03:00">
        <Text>Value cannot be null. (Parameter 'key')&#xD;
</Text>
      </RunInfo>
      <RunInfo computerName="DESKTOP-A9M0I49" outcome="Warning" timestamp="2024-08-29T00:33:56.3010998+03:00">
        <Text>Value cannot be null. (Parameter 'key')&#xD;
</Text>
      </RunInfo>
      <RunInfo computerName="DESKTOP-A9M0I49" outcome="Warning" timestamp="2024-08-29T00:34:11.2405238+03:00">
        <Text>Value cannot be null. (Parameter 'key')&#xD;
</Text>
      </RunInfo>
      <RunInfo computerName="DESKTOP-A9M0I49" outcome="Warning" timestamp="2024-08-29T00:34:27.4390196+03:00">
        <Text>Value cannot be null. (Parameter 'key')&#xD;
</Text>
      </RunInfo>
      <RunInfo computerName="DESKTOP-A9M0I49" outcome="Warning" timestamp="2024-08-29T00:34:40.5688366+03:00">
        <Text>Value cannot be null. (Parameter 'key')&#xD;
</Text>
      </RunInfo>
      <RunInfo computerName="DESKTOP-A9M0I49" outcome="Warning" timestamp="2024-08-29T00:34:54.2252973+03:00">
        <Text>Value cannot be null. (Parameter 'key')&#xD;
</Text>
      </RunInfo>
      <RunInfo computerName="DESKTOP-A9M0I49" outcome="Warning" timestamp="2024-08-29T00:35:07.6021801+03:00">
        <Text>Value cannot be null. (Parameter 'key')&#xD;
</Text>
      </RunInfo>
      <RunInfo computerName="DESKTOP-A9M0I49" outcome="Warning" timestamp="2024-08-29T00:35:24.9858123+03:00">
        <Text>Value cannot be null. (Parameter 'key')&#xD;
</Text>
      </RunInfo>
      <RunInfo computerName="DESKTOP-A9M0I49" outcome="Warning" timestamp="2024-08-29T00:35:40.4943716+03:00">
        <Text>Value cannot be null. (Parameter 'key')&#xD;
</Text>
      </RunInfo>
      <RunInfo computerName="DESKTOP-A9M0I49" outcome="Warning" timestamp="2024-08-29T00:35:56.5934043+03:00">
        <Text>Value cannot be null. (Parameter 'key')&#xD;
</Text>
      </RunInfo>
      <RunInfo computerName="DESKTOP-A9M0I49" outcome="Warning" timestamp="2024-08-29T00:36:11.6342367+03:00">
        <Text>Value cannot be null. (Parameter 'key')&#xD;
</Text>
      </RunInfo>
      <RunInfo computerName="DESKTOP-A9M0I49" outcome="Warning" timestamp="2024-08-29T00:36:24.6794967+03:00">
        <Text>Value cannot be null. (Parameter 'key')&#xD;
</Text>
      </RunInfo>
      <RunInfo computerName="DESKTOP-A9M0I49" outcome="Warning" timestamp="2024-08-29T00:36:38.7934549+03:00">
        <Text>Value cannot be null. (Parameter 'key')&#xD;
</Text>
      </RunInfo>
      <RunInfo computerName="DESKTOP-A9M0I49" outcome="Warning" timestamp="2024-08-29T00:36:51.3170564+03:00">
        <Text>Value cannot be null. (Parameter 'key')&#xD;
</Text>
      </RunInfo>
      <RunInfo computerName="DESKTOP-A9M0I49" outcome="Warning" timestamp="2024-08-29T00:37:02.0861415+03:00">
        <Text>Value cannot be null. (Parameter 'key')&#xD;
</Text>
      </RunInfo>
      <RunInfo computerName="DESKTOP-A9M0I49" outcome="Warning" timestamp="2024-08-29T00:37:13.8569987+03:00">
        <Text>Value cannot be null. (Parameter 'key')&#xD;
</Text>
      </RunInfo>
    </RunInfos>
  </ResultSummary>
</TestRun>